#
# A fatal error has been detected by the Java Runtime Environment:
#
#  SIGSEGV (0xb) at pc=0xb595ad1b, pid=25135, tid=3024477040
#
# JRE version: 6.0_20-b20
# Java VM: OpenJDK Client VM (19.0-b09 mixed mode, sharing linux-x86 )
# Derivative: IcedTea6 1.9.13
# Distribution: Ubuntu 10.04.1 LTS, package 6b20-1.9.13-0ubuntu1~10.04.1
# Problematic frame:
# J  org.joni.ByteCodeMachine.matchAt(III)I
#
# If you would like to submit a bug report, please include
# instructions how to reproduce the bug and visit:
#   https://bugs.launchpad.net/ubuntu/+source/openjdk-6/
#

---------------  T H R E A D  ---------------

Current thread (0x09fb5800):  JavaThread "Worker-4" [_thread_in_Java, id=25237, stack(0xb440d000,0xb445e000)]

siginfo:si_signo=SIGSEGV: si_errno=0, si_code=128 (), si_addr=0x00000000

Registers:
EAX=0x00000001, EBX=0x00000038, ECX=0x6c2fc730, EDX=0x00000021
ESP=0xb445afa0, EBP=0xb445b058, ESI=0x6c2961e0, EDI=0x00000000
EIP=0xb595ad1b, CR2=0xb7504100, EFLAGS=0x00210246

Register to memory mapping:

EAX=0x00000001
0x00000001 is pointing to unknown location

EBX=0x00000038
0x00000038 is pointing to unknown location

ECX=0x6c2fc730

[error occurred during error reporting (printing registers, top of stack, instructions near pc), id 0xb]

Stack: [0xb440d000,0xb445e000],  sp=0xb445afa0,  free space=311k
Native frames: (J=compiled Java code, j=interpreted, Vv=VM code, C=native code)
J  org.joni.ByteCodeMachine.matchAt(III)I
j  org.joni.Matcher.search(III)I+617
j  org.jruby.RubyRegexp.search(Lorg/jruby/runtime/ThreadContext;Lorg/jruby/RubyString;IZ)I+85
j  org.jruby.RubyRegexp.op_match(Lorg/jruby/runtime/ThreadContext;Lorg/jruby/runtime/builtin/IRubyObject;)Lorg/jruby/runtime/builtin/IRubyObject;+35
j  org.jruby.RubyString.op_match(Lorg/jruby/runtime/ThreadContext;Lorg/jruby/runtime/builtin/IRubyObject;)Lorg/jruby/runtime/builtin/IRubyObject;+13
j  org.jruby.RubyString$i$1$0$op_match.call(Lorg/jruby/runtime/ThreadContext;Lorg/jruby/runtime/builtin/IRubyObject;Lorg/jruby/RubyModule;Ljava/lang/String;Lorg/jruby/runtime/builtin/IRubyObject;)Lorg/jruby/runtime/builtin/IRubyObject;+7
j  org.jruby.runtime.callsite.CachingCallSite.call(Lorg/jruby/runtime/ThreadContext;Lorg/jruby/runtime/builtin/IRubyObject;Lorg/jruby/runtime/builtin/IRubyObject;Lorg/jruby/runtime/builtin/IRubyObject;)Lorg/jruby/runtime/builtin/IRubyObject;+38
j  org.jruby.ast.CallOneArgNode.interpret(Lorg/jruby/Ruby;Lorg/jruby/runtime/ThreadContext;Lorg/jruby/runtime/builtin/IRubyObject;Lorg/jruby/runtime/Block;)Lorg/jruby/runtime/builtin/IRubyObject;+30
j  org.jruby.ast.IfNode.interpret(Lorg/jruby/Ruby;Lorg/jruby/runtime/ThreadContext;Lorg/jruby/runtime/builtin/IRubyObject;Lorg/jruby/runtime/Block;)Lorg/jruby/runtime/builtin/IRubyObject;+37
j  org.jruby.ast.NewlineNode.interpret(Lorg/jruby/Ruby;Lorg/jruby/runtime/ThreadContext;Lorg/jruby/runtime/builtin/IRubyObject;Lorg/jruby/runtime/Block;)Lorg/jruby/runtime/builtin/IRubyObject;+41
j  org.jruby.evaluator.ASTInterpreter.INTERPRET_BLOCK(Lorg/jruby/Ruby;Lorg/jruby/runtime/ThreadContext;Ljava/lang/String;ILorg/jruby/ast/Node;Ljava/lang/String;Lorg/jruby/runtime/builtin/IRubyObject;Lorg/jruby/runtime/Block;)Lorg/jruby/runtime/builtin/IRubyObject;+26
j  org.jruby.runtime.InterpretedBlock.evalBlockBody(Lorg/jruby/runtime/ThreadContext;Lorg/jruby/runtime/Binding;Lorg/jruby/runtime/builtin/IRubyObject;)Lorg/jruby/runtime/builtin/IRubyObject;+25
j  org.jruby.runtime.InterpretedBlock.yield(Lorg/jruby/runtime/ThreadContext;Lorg/jruby/runtime/builtin/IRubyObject;Lorg/jruby/runtime/Binding;Lorg/jruby/runtime/Block$Type;Lorg/jruby/runtime/Block;)Lorg/jruby/runtime/builtin/IRubyObject;+65
j  org.jruby.runtime.InterpretedBlock.yield(Lorg/jruby/runtime/ThreadContext;Lorg/jruby/runtime/builtin/IRubyObject;Lorg/jruby/runtime/Binding;Lorg/jruby/runtime/Block$Type;)Lorg/jruby/runtime/builtin/IRubyObject;+9
j  org.jruby.runtime.Block.yield(Lorg/jruby/runtime/ThreadContext;Lorg/jruby/runtime/builtin/IRubyObject;)Lorg/jruby/runtime/builtin/IRubyObject;+14
j  org.jruby.RubyArray.eachCommon(Lorg/jruby/runtime/ThreadContext;Lorg/jruby/runtime/Block;)Lorg/jruby/runtime/builtin/IRubyObject;+41
j  org.jruby.RubyArray.each(Lorg/jruby/runtime/ThreadContext;Lorg/jruby/runtime/Block;)Lorg/jruby/runtime/builtin/IRubyObject;+10
j  org.jruby.RubyArray$i$0$0$each.call(Lorg/jruby/runtime/ThreadContext;Lorg/jruby/runtime/builtin/IRubyObject;Lorg/jruby/RubyModule;Ljava/lang/String;Lorg/jruby/runtime/Block;)Lorg/jruby/runtime/builtin/IRubyObject;+7
j  org.jruby.runtime.callsite.CachingCallSite.cacheAndCall(Lorg/jruby/runtime/builtin/IRubyObject;Lorg/jruby/RubyClass;Lorg/jruby/runtime/Block;Lorg/jruby/runtime/ThreadContext;Lorg/jruby/runtime/builtin/IRubyObject;)Lorg/jruby/runtime/builtin/IRubyObject;+57
j  org.jruby.runtime.callsite.CachingCallSite.callBlock(Lorg/jruby/runtime/ThreadContext;Lorg/jruby/runtime/builtin/IRubyObject;Lorg/jruby/runtime/builtin/IRubyObject;Lorg/jruby/runtime/Block;)Lorg/jruby/runtime/builtin/IRubyObject;+50
j  org.jruby.runtime.callsite.CachingCallSite.callIter(Lorg/jruby/runtime/ThreadContext;Lorg/jruby/runtime/builtin/IRubyObject;Lorg/jruby/runtime/builtin/IRubyObject;Lorg/jruby/runtime/Block;)Lorg/jruby/runtime/builtin/IRubyObject;+6
j  org.jruby.ast.CallNoArgBlockNode.interpret(Lorg/jruby/Ruby;Lorg/jruby/runtime/ThreadContext;Lorg/jruby/runtime/builtin/IRubyObject;Lorg/jruby/runtime/Block;)Lorg/jruby/runtime/builtin/IRubyObject;+35
j  org.jruby.ast.NewlineNode.interpret(Lorg/jruby/Ruby;Lorg/jruby/runtime/ThreadContext;Lorg/jruby/runtime/builtin/IRubyObject;Lorg/jruby/runtime/Block;)Lorg/jruby/runtime/builtin/IRubyObject;+41
j  org.jruby.ast.BlockNode.interpret(Lorg/jruby/Ruby;Lorg/jruby/runtime/ThreadContext;Lorg/jruby/runtime/builtin/IRubyObject;Lorg/jruby/runtime/Block;)Lorg/jruby/runtime/builtin/IRubyObject;+33
j  org.jruby.evaluator.ASTInterpreter.INTERPRET_CLASS(Lorg/jruby/Ruby;Lorg/jruby/runtime/ThreadContext;Lorg/jruby/ast/Node;Ljava/lang/String;Lorg/jruby/runtime/builtin/IRubyObject;Lorg/jruby/runtime/Block;)Lorg/jruby/runtime/builtin/IRubyObject;+26
j  org.jruby.evaluator.ASTInterpreter.evalClassDefinitionBody(Lorg/jruby/Ruby;Lorg/jruby/runtime/ThreadContext;Lorg/jruby/parser/StaticScope;Lorg/jruby/ast/Node;Lorg/jruby/RubyModule;Lorg/jruby/runtime/builtin/IRubyObject;Lorg/jruby/runtime/Block;)Lorg/jruby/runtime/builtin/IRubyObject;+96
j  org.jruby.ast.SClassNode.interpret(Lorg/jruby/Ruby;Lorg/jruby/runtime/ThreadContext;Lorg/jruby/runtime/builtin/IRubyObject;Lorg/jruby/runtime/Block;)Lorg/jruby/runtime/builtin/IRubyObject;+121
j  org.jruby.ast.NewlineNode.interpret(Lorg/jruby/Ruby;Lorg/jruby/runtime/ThreadContext;Lorg/jruby/runtime/builtin/IRubyObject;Lorg/jruby/runtime/Block;)Lorg/jruby/runtime/builtin/IRubyObject;+41
j  org.jruby.ast.BlockNode.interpret(Lorg/jruby/Ruby;Lorg/jruby/runtime/ThreadContext;Lorg/jruby/runtime/builtin/IRubyObject;Lorg/jruby/runtime/Block;)Lorg/jruby/runtime/builtin/IRubyObject;+33
j  org.jruby.evaluator.ASTInterpreter.INTERPRET_CLASS(Lorg/jruby/Ruby;Lorg/jruby/runtime/ThreadContext;Lorg/jruby/ast/Node;Ljava/lang/String;Lorg/jruby/runtime/builtin/IRubyObject;Lorg/jruby/runtime/Block;)Lorg/jruby/runtime/builtin/IRubyObject;+26
j  org.jruby.evaluator.ASTInterpreter.evalClassDefinitionBody(Lorg/jruby/Ruby;Lorg/jruby/runtime/ThreadContext;Lorg/jruby/parser/StaticScope;Lorg/jruby/ast/Node;Lorg/jruby/RubyModule;Lorg/jruby/runtime/builtin/IRubyObject;Lorg/jruby/runtime/Block;)Lorg/jruby/runtime/builtin/IRubyObject;+96
j  org.jruby.ast.ModuleNode.interpret(Lorg/jruby/Ruby;Lorg/jruby/runtime/ThreadContext;Lorg/jruby/runtime/builtin/IRubyObject;Lorg/jruby/runtime/Block;)Lorg/jruby/runtime/builtin/IRubyObject;+68
j  org.jruby.ast.NewlineNode.interpret(Lorg/jruby/Ruby;Lorg/jruby/runtime/ThreadContext;Lorg/jruby/runtime/builtin/IRubyObject;Lorg/jruby/runtime/Block;)Lorg/jruby/runtime/builtin/IRubyObject;+41
j  org.jruby.ast.BlockNode.interpret(Lorg/jruby/Ruby;Lorg/jruby/runtime/ThreadContext;Lorg/jruby/runtime/builtin/IRubyObject;Lorg/jruby/runtime/Block;)Lorg/jruby/runtime/builtin/IRubyObject;+33
j  org.jruby.ast.RootNode.interpret(Lorg/jruby/Ruby;Lorg/jruby/runtime/ThreadContext;Lorg/jruby/runtime/builtin/IRubyObject;Lorg/jruby/runtime/Block;)Lorg/jruby/runtime/builtin/IRubyObject;+61
j  org.jruby.evaluator.ASTInterpreter.INTERPRET_ROOT(Lorg/jruby/Ruby;Lorg/jruby/runtime/ThreadContext;Lorg/jruby/ast/Node;Lorg/jruby/runtime/builtin/IRubyObject;Lorg/jruby/runtime/Block;)Lorg/jruby/runtime/builtin/IRubyObject;+25
j  org.jruby.Ruby.runInterpreter(Lorg/jruby/runtime/ThreadContext;Lorg/jruby/ast/Node;Lorg/jruby/runtime/builtin/IRubyObject;)Lorg/jruby/runtime/builtin/IRubyObject;+51
j  org.jruby.Ruby.loadFile(Ljava/lang/String;Ljava/io/InputStream;Z)V+88
j  org.jruby.runtime.load.ExternalScript.load(Lorg/jruby/Ruby;Z)V+88
j  org.jruby.runtime.load.LoadService.tryLoadingLibraryOrScript(Lorg/jruby/Ruby;Lorg/jruby/runtime/load/LoadService$SearchState;)Z+55
j  org.jruby.runtime.load.LoadService.smartLoad(Ljava/lang/String;)Z+53
j  org.jruby.runtime.load.LoadService.require(Ljava/lang/String;)Z+72
j  org.jruby.runtime.load.LoadService.lockAndRequire(Ljava/lang/String;)Z+60
j  org.jruby.RubyKernel.requireCommon(Lorg/jruby/Ruby;Lorg/jruby/runtime/builtin/IRubyObject;Lorg/jruby/runtime/builtin/IRubyObject;Lorg/jruby/runtime/Block;)Lorg/jruby/runtime/builtin/IRubyObject;+13
j  org.jruby.RubyKernel.require(Lorg/jruby/runtime/builtin/IRubyObject;Lorg/jruby/runtime/builtin/IRubyObject;Lorg/jruby/runtime/Block;)Lorg/jruby/runtime/builtin/IRubyObject;+9
j  org.jruby.RubyKernel$s$1$0$require.call(Lorg/jruby/runtime/ThreadContext;Lorg/jruby/runtime/builtin/IRubyObject;Lorg/jruby/RubyModule;Ljava/lang/String;Lorg/jruby/runtime/builtin/IRubyObject;Lorg/jruby/runtime/Block;)Lorg/jruby/runtime/builtin/IRubyObject;+5
j  org.jruby.internal.runtime.methods.JavaMethod$JavaMethodOneOrNBlock.call(Lorg/jruby/runtime/ThreadContext;Lorg/jruby/runtime/builtin/IRubyObject;Lorg/jruby/RubyModule;Ljava/lang/String;Lorg/jruby/runtime/builtin/IRubyObject;)Lorg/jruby/runtime/builtin/IRubyObject;+11
j  org.jruby.runtime.callsite.CachingCallSite.cacheAndCall(Lorg/jruby/runtime/builtin/IRubyObject;Lorg/jruby/RubyClass;Lorg/jruby/runtime/ThreadContext;Lorg/jruby/runtime/builtin/IRubyObject;Lorg/jruby/runtime/builtin/IRubyObject;)Lorg/jruby/runtime/builtin/IRubyObject;+57
j  org.jruby.runtime.callsite.CachingCallSite.call(Lorg/jruby/runtime/ThreadContext;Lorg/jruby/runtime/builtin/IRubyObject;Lorg/jruby/runtime/builtin/IRubyObject;Lorg/jruby/runtime/builtin/IRubyObject;)Lorg/jruby/runtime/builtin/IRubyObject;+50
j  org.jruby.ast.FCallOneArgNode.interpret(Lorg/jruby/Ruby;Lorg/jruby/runtime/ThreadContext;Lorg/jruby/runtime/builtin/IRubyObject;Lorg/jruby/runtime/Block;)Lorg/jruby/runtime/builtin/IRubyObject;+19
j  org.jruby.ast.NewlineNode.interpret(Lorg/jruby/Ruby;Lorg/jruby/runtime/ThreadContext;Lorg/jruby/runtime/builtin/IRubyObject;Lorg/jruby/runtime/Block;)Lorg/jruby/runtime/builtin/IRubyObject;+41
j  org.jruby.ast.BlockNode.interpret(Lorg/jruby/Ruby;Lorg/jruby/runtime/ThreadContext;Lorg/jruby/runtime/builtin/IRubyObject;Lorg/jruby/runtime/Block;)Lorg/jruby/runtime/builtin/IRubyObject;+33
j  org.jruby.ast.RootNode.interpret(Lorg/jruby/Ruby;Lorg/jruby/runtime/ThreadContext;Lorg/jruby/runtime/builtin/IRubyObject;Lorg/jruby/runtime/Block;)Lorg/jruby/runtime/builtin/IRubyObject;+61
j  org.jruby.evaluator.ASTInterpreter.INTERPRET_ROOT(Lorg/jruby/Ruby;Lorg/jruby/runtime/ThreadContext;Lorg/jruby/ast/Node;Lorg/jruby/runtime/builtin/IRubyObject;Lorg/jruby/runtime/Block;)Lorg/jruby/runtime/builtin/IRubyObject;+25
j  org.jruby.Ruby.runInterpreter(Lorg/jruby/runtime/ThreadContext;Lorg/jruby/ast/Node;Lorg/jruby/runtime/builtin/IRubyObject;)Lorg/jruby/runtime/builtin/IRubyObject;+51
j  org.jruby.Ruby.loadFile(Ljava/lang/String;Ljava/io/InputStream;Z)V+88
j  org.jruby.runtime.load.ExternalScript.load(Lorg/jruby/Ruby;Z)V+88
j  org.jruby.runtime.load.LoadService.tryLoadingLibraryOrScript(Lorg/jruby/Ruby;Lorg/jruby/runtime/load/LoadService$SearchState;)Z+55
j  org.jruby.runtime.load.LoadService.smartLoad(Ljava/lang/String;)Z+53
j  org.jruby.javasupport.Java.load(Lorg/jruby/Ruby;Z)V+11
j  org.jruby.runtime.load.LoadService.reflectedLoad(Lorg/jruby/Ruby;Ljava/lang/String;Ljava/lang/String;Ljava/lang/ClassLoader;Z)V+47
j  org.jruby.ext.LateLoadingLibrary.load(Lorg/jruby/Ruby;Z)V+14
j  org.jruby.runtime.load.LoadService.tryLoadingLibraryOrScript(Lorg/jruby/Ruby;Lorg/jruby/runtime/load/LoadService$SearchState;)Z+55
j  org.jruby.runtime.load.LoadService.smartLoad(Ljava/lang/String;)Z+53
j  org.jruby.runtime.load.LoadService.require(Ljava/lang/String;)Z+72
j  org.jruby.runtime.load.LoadService.lockAndRequire(Ljava/lang/String;)Z+60
j  org.jruby.RubyKernel.requireCommon(Lorg/jruby/Ruby;Lorg/jruby/runtime/builtin/IRubyObject;Lorg/jruby/runtime/builtin/IRubyObject;Lorg/jruby/runtime/Block;)Lorg/jruby/runtime/builtin/IRubyObject;+13
j  org.jruby.RubyKernel.require(Lorg/jruby/runtime/builtin/IRubyObject;Lorg/jruby/runtime/builtin/IRubyObject;Lorg/jruby/runtime/Block;)Lorg/jruby/runtime/builtin/IRubyObject;+9
j  org.jruby.RubyKernel$s$1$0$require.call(Lorg/jruby/runtime/ThreadContext;Lorg/jruby/runtime/builtin/IRubyObject;Lorg/jruby/RubyModule;Ljava/lang/String;Lorg/jruby/runtime/builtin/IRubyObject;Lorg/jruby/runtime/Block;)Lorg/jruby/runtime/builtin/IRubyObject;+5
j  org.jruby.internal.runtime.methods.JavaMethod$JavaMethodOneOrNBlock.call(Lorg/jruby/runtime/ThreadContext;Lorg/jruby/runtime/builtin/IRubyObject;Lorg/jruby/RubyModule;Ljava/lang/String;Lorg/jruby/runtime/builtin/IRubyObject;)Lorg/jruby/runtime/builtin/IRubyObject;+11
j  org.jruby.runtime.callsite.CachingCallSite.cacheAndCall(Lorg/jruby/runtime/builtin/IRubyObject;Lorg/jruby/RubyClass;Lorg/jruby/runtime/ThreadContext;Lorg/jruby/runtime/builtin/IRubyObject;Lorg/jruby/runtime/builtin/IRubyObject;)Lorg/jruby/runtime/builtin/IRubyObject;+57
j  org.jruby.runtime.callsite.CachingCallSite.call(Lorg/jruby/runtime/ThreadContext;Lorg/jruby/runtime/builtin/IRubyObject;Lorg/jruby/runtime/builtin/IRubyObject;Lorg/jruby/runtime/builtin/IRubyObject;)Lorg/jruby/runtime/builtin/IRubyObject;+50
j  org.jruby.ast.FCallOneArgNode.interpret(Lorg/jruby/Ruby;Lorg/jruby/runtime/ThreadContext;Lorg/jruby/runtime/builtin/IRubyObject;Lorg/jruby/runtime/Block;)Lorg/jruby/runtime/builtin/IRubyObject;+19
j  org.jruby.ast.NewlineNode.interpret(Lorg/jruby/Ruby;Lorg/jruby/runtime/ThreadContext;Lorg/jruby/runtime/builtin/IRubyObject;Lorg/jruby/runtime/Block;)Lorg/jruby/runtime/builtin/IRubyObject;+41
j  org.jruby.ast.BlockNode.interpret(Lorg/jruby/Ruby;Lorg/jruby/runtime/ThreadContext;Lorg/jruby/runtime/builtin/IRubyObject;Lorg/jruby/runtime/Block;)Lorg/jruby/runtime/builtin/IRubyObject;+33
j  org.jruby.ast.RootNode.interpret(Lorg/jruby/Ruby;Lorg/jruby/runtime/ThreadContext;Lorg/jruby/runtime/builtin/IRubyObject;Lorg/jruby/runtime/Block;)Lorg/jruby/runtime/builtin/IRubyObject;+61
j  org.jruby.evaluator.ASTInterpreter.INTERPRET_ROOT(Lorg/jruby/Ruby;Lorg/jruby/runtime/ThreadContext;Lorg/jruby/ast/Node;Lorg/jruby/runtime/builtin/IRubyObject;Lorg/jruby/runtime/Block;)Lorg/jruby/runtime/builtin/IRubyObject;+25
j  org.jruby.Ruby.runInterpreter(Lorg/jruby/runtime/ThreadContext;Lorg/jruby/ast/Node;Lorg/jruby/runtime/builtin/IRubyObject;)Lorg/jruby/runtime/builtin/IRubyObject;+51
j  org.jruby.Ruby.loadFile(Ljava/lang/String;Ljava/io/InputStream;Z)V+88
j  org.jruby.runtime.load.ExternalScript.load(Lorg/jruby/Ruby;Z)V+88
j  org.jruby.runtime.load.LoadService.tryLoadingLibraryOrScript(Lorg/jruby/Ruby;Lorg/jruby/runtime/load/LoadService$SearchState;)Z+55
j  org.jruby.runtime.load.LoadService.smartLoad(Ljava/lang/String;)Z+53
j  org.jruby.runtime.load.LoadService.require(Ljava/lang/String;)Z+72
j  org.jruby.runtime.load.LoadService.lockAndRequire(Ljava/lang/String;)Z+60
j  org.jruby.RubyKernel.requireCommon(Lorg/jruby/Ruby;Lorg/jruby/runtime/builtin/IRubyObject;Lorg/jruby/runtime/builtin/IRubyObject;Lorg/jruby/runtime/Block;)Lorg/jruby/runtime/builtin/IRubyObject;+13
j  org.jruby.RubyKernel.require(Lorg/jruby/runtime/builtin/IRubyObject;Lorg/jruby/runtime/builtin/IRubyObject;Lorg/jruby/runtime/Block;)Lorg/jruby/runtime/builtin/IRubyObject;+9
j  org.jruby.RubyKernel$s$1$0$require.call(Lorg/jruby/runtime/ThreadContext;Lorg/jruby/runtime/builtin/IRubyObject;Lorg/jruby/RubyModule;Ljava/lang/String;Lorg/jruby/runtime/builtin/IRubyObject;Lorg/jruby/runtime/Block;)Lorg/jruby/runtime/builtin/IRubyObject;+5
j  org.jruby.internal.runtime.methods.JavaMethod$JavaMethodOneOrNBlock.call(Lorg/jruby/runtime/ThreadContext;Lorg/jruby/runtime/builtin/IRubyObject;Lorg/jruby/RubyModule;Ljava/lang/String;Lorg/jruby/runtime/builtin/IRubyObject;)Lorg/jruby/runtime/builtin/IRubyObject;+11
j  org.jruby.runtime.callsite.CachingCallSite.cacheAndCall(Lorg/jruby/runtime/builtin/IRubyObject;Lorg/jruby/RubyClass;Lorg/jruby/runtime/ThreadContext;Lorg/jruby/runtime/builtin/IRubyObject;Lorg/jruby/runtime/builtin/IRubyObject;)Lorg/jruby/runtime/builtin/IRubyObject;+57
j  org.jruby.runtime.callsite.CachingCallSite.call(Lorg/jruby/runtime/ThreadContext;Lorg/jruby/runtime/builtin/IRubyObject;Lorg/jruby/runtime/builtin/IRubyObject;Lorg/jruby/runtime/builtin/IRubyObject;)Lorg/jruby/runtime/builtin/IRubyObject;+50
j  org.jruby.ast.FCallOneArgNode.interpret(Lorg/jruby/Ruby;Lorg/jruby/runtime/ThreadContext;Lorg/jruby/runtime/builtin/IRubyObject;Lorg/jruby/runtime/Block;)Lorg/jruby/runtime/builtin/IRubyObject;+19
j  org.jruby.ast.NewlineNode.interpret(Lorg/jruby/Ruby;Lorg/jruby/runtime/ThreadContext;Lorg/jruby/runtime/builtin/IRubyObject;Lorg/jruby/runtime/Block;)Lorg/jruby/runtime/builtin/IRubyObject;+41
j  org.jruby.ast.RootNode.interpret(Lorg/jruby/Ruby;Lorg/jruby/runtime/ThreadContext;Lorg/jruby/runtime/builtin/IRubyObject;Lorg/jruby/runtime/Block;)Lorg/jruby/runtime/builtin/IRubyObject;+61
j  org.jruby.evaluator.ASTInterpreter.INTERPRET_ROOT(Lorg/jruby/Ruby;Lorg/jruby/runtime/ThreadContext;Lorg/jruby/ast/Node;Lorg/jruby/runtime/builtin/IRubyObject;Lorg/jruby/runtime/Block;)Lorg/jruby/runtime/builtin/IRubyObject;+25
j  org.jruby.Ruby.runInterpreter(Lorg/jruby/runtime/ThreadContext;Lorg/jruby/ast/Node;Lorg/jruby/runtime/builtin/IRubyObject;)Lorg/jruby/runtime/builtin/IRubyObject;+51
j  org.jruby.Ruby.runInterpreter(Lorg/jruby/ast/Node;)Lorg/jruby/runtime/builtin/IRubyObject;+10
j  org.jruby.embed.internal.EmbedEvalUnitImpl.run()Lorg/jruby/runtime/builtin/IRubyObject;+137
j  org.jruby.embed.ScriptingContainer.runUnit(Lorg/jruby/embed/EmbedEvalUnit;)Ljava/lang/Object;+7
j  org.jruby.embed.ScriptingContainer.runScriptlet(Ljava/lang/String;)Ljava/lang/Object;+11
j  com.aptana.scripting.ScriptingEngine.createScriptingContainer(Lorg/jruby/embed/LocalContextScope;)Lorg/jruby/embed/ScriptingContainer;+101
...<more frames>...


---------------  P R O C E S S  ---------------

Java Threads: ( => current thread )
  0xb36af000 JavaThread "Worker-10" [_thread_in_native, id=25743, stack(0xb380b000,0xb385c000)]
  0x0a22d000 JavaThread "Monitor" [_thread_in_native, id=25338, stack(0xb374e000,0xb379f000)]
  0x0a56e400 JavaThread "Worker-9" [_thread_blocked, id=25296, stack(0xb3d72000,0xb3dc3000)]
  0x0a19d000 JavaThread "Worker-8" [_thread_blocked, id=25295, stack(0xb3dc3000,0xb3e14000)]
  0x09f5bc00 JavaThread "Worker-7" [_thread_blocked, id=25240, stack(0xb38ad000,0xb38fe000)]
  0x0a5c1800 JavaThread "Worker-6" [_thread_blocked, id=25239, stack(0xb38fe000,0xb394f000)]
  0x09fb5000 JavaThread "Worker-5" [_thread_blocked, id=25238, stack(0xb3b45000,0xb3b96000)]
=>0x09fb5800 JavaThread "Worker-4" [_thread_in_Java, id=25237, stack(0xb440d000,0xb445e000)]
  0x09f5e000 JavaThread "Worker-3" [_thread_blocked, id=25236, stack(0xb44af000,0xb4500000)]
  0xb45a1000 JavaThread "[ThreadPool Manager] - Idle Thread" daemon [_thread_blocked, id=25234, stack(0xb39af000,0xb3a00000)]
  0xb4317800 JavaThread "Java indexing" daemon [_thread_blocked, id=25227, stack(0xb3bc0000,0xb3c11000)]
  0xb45ed800 JavaThread "Thread-17" daemon [_thread_blocked, id=25225, stack(0xb3c11000,0xb3c62000)]
  0x0a464c00 JavaThread "com.aptana.editor.common.text.reconciler.CommonReconciler" daemon [_thread_blocked, id=25224, stack(0xb445e000,0xb44af000)]
  0x0a2edc00 JavaThread "Bundle File Closer" daemon [_thread_blocked, id=25223, stack(0xb4ac4000,0xb4b15000)]
  0x0a1a1c00 JavaThread "INotify thread" daemon [_thread_in_native, id=25171, stack(0xb41cb000,0xb421c000)]
  0x0a1e2400 JavaThread "Thread-5" [_thread_blocked, id=25167, stack(0xb4239000,0xb428a000)]
  0x09fe7400 JavaThread "Worker-2" [_thread_blocked, id=25165, stack(0xb428a000,0xb42db000)]
  0x0a179c00 JavaThread "Worker-1" [_thread_blocked, id=25152, stack(0xb4648000,0xb4699000)]
  0x0a147c00 JavaThread "Worker-0" [_thread_blocked, id=25151, stack(0xb46be000,0xb470f000)]
  0x0a090c00 JavaThread "Worker-JM" [_thread_blocked, id=25149, stack(0xb4a14000,0xb4a65000)]
  0x0a08d800 JavaThread "[Timer] - Main Queue Handler" daemon [_thread_blocked, id=25148, stack(0xb4a73000,0xb4ac4000)]
  0x0a05d400 JavaThread "Framework Event Dispatcher" daemon [_thread_blocked, id=25146, stack(0xb4b20000,0xb4b71000)]
  0xb4d65000 JavaThread "Start Level Event Dispatcher" daemon [_thread_blocked, id=25145, stack(0xb4b73000,0xb4bc4000)]
  0xb4d90400 JavaThread "State Data Manager" daemon [_thread_blocked, id=25144, stack(0xb4bc4000,0xb4c15000)]
  0xb4d49000 JavaThread "Framework Active Thread" [_thread_blocked, id=25143, stack(0xb4c15000,0xb4c66000)]
  0xb4d00800 JavaThread "Low Memory Detector" daemon [_thread_blocked, id=25141, stack(0xb4e10000,0xb4e61000)]
  0x09fc8c00 JavaThread "CompilerThread0" daemon [_thread_blocked, id=25140, stack(0xb4e61000,0xb4ee2000)]
  0x09fc7400 JavaThread "Signal Dispatcher" daemon [_thread_blocked, id=25139, stack(0xb4ee2000,0xb4f33000)]
  0x09fc3800 JavaThread "Finalizer" daemon [_thread_blocked, id=25138, stack(0xb4f33000,0xb4f84000)]
  0x09fbec00 JavaThread "Reference Handler" daemon [_thread_blocked, id=25137, stack(0xb4f84000,0xb4fd5000)]
  0x09f90000 JavaThread "main" [_thread_in_native, id=25135, stack(0xbf8fb000,0xbf94b000)]

Other Threads:
  0x09fbd000 VMThread [stack: 0xb4fd5000,0xb5056000] [id=25136]
  0xb4d03000 WatcherThread [stack: 0xb4c7f000,0xb4d00000] [id=25142]

VM state:not at safepoint (normal execution)

VM Mutex/Monitor currently owned by a thread: None

Heap
 def new generation   total 27456K, used 10480K [0x6b8e0000, 0x6d6a0000, 0x738e0000)
  eden space 24448K,  42% used [0x6b8e0000, 0x6c31c168, 0x6d0c0000)
  from space 3008K,   0% used [0x6d0c0000, 0x6d0c0000, 0x6d3b0000)
  to   space 3008K,   0% used [0x6d3b0000, 0x6d3b0000, 0x6d6a0000)
 tenured generation   total 60704K, used 36421K [0x738e0000, 0x77428000, 0x838e0000)
   the space 60704K,  59% used [0x738e0000, 0x75c716c8, 0x75c71800, 0x77428000)
 compacting perm gen  total 59648K, used 59566K [0x838e0000, 0x87320000, 0x938e0000)
   the space 59648K,  99% used [0x838e0000, 0x8730ba68, 0x8730bc00, 0x87320000)
    ro space 10240K,  73% used [0x938e0000, 0x94039098, 0x94039200, 0x942e0000)
    rw space 12288K,  60% used [0x942e0000, 0x94a21388, 0x94a21400, 0x94ee0000)

Dynamic libraries:
00110000-00263000 r-xp 00000000 08:06 790767     /lib/tls/i686/cmov/libc-2.11.1.so
00263000-00265000 r--p 00153000 08:06 790767     /lib/tls/i686/cmov/libc-2.11.1.so
00265000-00266000 rw-p 00155000 08:06 790767     /lib/tls/i686/cmov/libc-2.11.1.so
00266000-00269000 rw-p 00000000 00:00 0 
00269000-00281000 r-xp 00000000 08:06 1052724    /usr/lib/libgdk_pixbuf-2.0.so.0.2000.1
00281000-00282000 r--p 00017000 08:06 1052724    /usr/lib/libgdk_pixbuf-2.0.so.0.2000.1
00282000-00283000 rw-p 00018000 08:06 1052724    /usr/lib/libgdk_pixbuf-2.0.so.0.2000.1
00284000-00288000 r-xp 00000000 08:06 1051009    /usr/lib/libgthread-2.0.so.0.2400.1
00288000-00289000 r--p 00003000 08:06 1051009    /usr/lib/libgthread-2.0.so.0.2400.1
00289000-0028a000 rw-p 00004000 08:06 1051009    /usr/lib/libgthread-2.0.so.0.2400.1
0028a000-0028d000 r-xp 00000000 08:06 1051006    /usr/lib/libgmodule-2.0.so.0.2400.1
0028d000-0028e000 r--p 00002000 08:06 1051006    /usr/lib/libgmodule-2.0.so.0.2400.1
0028e000-0028f000 rw-p 00003000 08:06 1051006    /usr/lib/libgmodule-2.0.so.0.2400.1
0028f000-002a2000 r-xp 00000000 08:06 786635     /lib/libz.so.1.2.3.3
002a2000-002a3000 r--p 00012000 08:06 786635     /lib/libz.so.1.2.3.3
002a3000-002a4000 rw-p 00013000 08:06 786635     /lib/libz.so.1.2.3.3
002a4000-002a6000 r-xp 00000000 08:06 1053818    /usr/lib/libXau.so.6.0.0
002a6000-002a7000 r--p 00001000 08:06 1053818    /usr/lib/libXau.so.6.0.0
002a7000-002a8000 rw-p 00002000 08:06 1053818    /usr/lib/libXau.so.6.0.0
002a8000-002a9000 r-xp 00000000 08:03 28289      /media/D4FC259DFC257B3E/programas/eclipse/configuration/org.eclipse.osgi/bundles/406/1/.cp/os/linux/x86/libjnotify.so
002a9000-002aa000 rw-p 00001000 08:03 28289      /media/D4FC259DFC257B3E/programas/eclipse/configuration/org.eclipse.osgi/bundles/406/1/.cp/os/linux/x86/libjnotify.so
002ab000-002b2000 r-xp 00000000 08:06 794521     /lib/tls/i686/cmov/librt-2.11.1.so
002b2000-002b3000 r--p 00006000 08:06 794521     /lib/tls/i686/cmov/librt-2.11.1.so
002b3000-002b4000 rw-p 00007000 08:06 794521     /lib/tls/i686/cmov/librt-2.11.1.so
002b4000-0037c000 r-xp 00000000 08:06 793180     /lib/libglib-2.0.so.0.2400.1
0037c000-0037d000 r--p 000c7000 08:06 793180     /lib/libglib-2.0.so.0.2400.1
0037d000-0037e000 rw-p 000c8000 08:06 793180     /lib/libglib-2.0.so.0.2400.1
0037e000-003be000 r-xp 00000000 08:06 1053482    /usr/lib/libpango-1.0.so.0.2800.0
003be000-003bf000 ---p 00040000 08:06 1053482    /usr/lib/libpango-1.0.so.0.2800.0
003bf000-003c0000 r--p 00040000 08:06 1053482    /usr/lib/libpango-1.0.so.0.2800.0
003c0000-003c1000 rw-p 00041000 08:06 1053482    /usr/lib/libpango-1.0.so.0.2800.0
003c1000-003ef000 r-xp 00000000 08:06 1054110    /usr/lib/libfontconfig.so.1.4.4
003ef000-003f0000 r--p 0002d000 08:06 1054110    /usr/lib/libfontconfig.so.1.4.4
003f0000-003f1000 rw-p 0002e000 08:06 1054110    /usr/lib/libfontconfig.so.1.4.4
003f1000-003f5000 r-xp 00000000 08:06 1053829    /usr/lib/libXdmcp.so.6.0.0
003f5000-003f6000 r--p 00003000 08:06 1053829    /usr/lib/libXdmcp.so.6.0.0
003f6000-003f7000 rw-p 00004000 08:06 1053829    /usr/lib/libXdmcp.so.6.0.0
003fa000-003fc000 r-xp 00000000 08:06 1053827    /usr/lib/libXdamage.so.1.1.0
003fc000-003fd000 r--p 00001000 08:06 1053827    /usr/lib/libXdamage.so.1.1.0
003fd000-003fe000 rw-p 00002000 08:06 1053827    /usr/lib/libXdamage.so.1.1.0
003fe000-00475000 r-xp 00000000 08:06 1053951    /usr/lib/libcairo.so.2.10800.10
00475000-00477000 r--p 00076000 08:06 1053951    /usr/lib/libcairo.so.2.10800.10
00477000-00478000 rw-p 00078000 08:06 1053951    /usr/lib/libcairo.so.2.10800.10
00478000-0047b000 r-xp 00000000 08:06 1053959    /usr/lib/libcanberra-gtk.so.0.1.5
0047b000-0047c000 r--p 00003000 08:06 1053959    /usr/lib/libcanberra-gtk.so.0.1.5
0047c000-0047d000 rw-p 00004000 08:06 1053959    /usr/lib/libcanberra-gtk.so.0.1.5
0047d000-00484000 r-xp 00000000 08:06 1056019    /usr/lib/libvorbisfile.so.3.3.2
00484000-00485000 r--p 00006000 08:06 1056019    /usr/lib/libvorbisfile.so.3.3.2
00485000-00486000 rw-p 00007000 08:06 1056019    /usr/lib/libvorbisfile.so.3.3.2
00486000-00488000 r-xp 00000000 08:06 1053489    /usr/lib/pango/1.6.0/modules/pango-basic-fc.so
00488000-00489000 r--p 00001000 08:06 1053489    /usr/lib/pango/1.6.0/modules/pango-basic-fc.so
00489000-0048a000 rw-p 00002000 08:06 1053489    /usr/lib/pango/1.6.0/modules/pango-basic-fc.so
0048a000-00492000 r-xp 00000000 08:06 1053853    /usr/lib/libXrender.so.1.3.0
00492000-00493000 r--p 00007000 08:06 1053853    /usr/lib/libXrender.so.1.3.0
00493000-00494000 rw-p 00008000 08:06 1053853    /usr/lib/libXrender.so.1.3.0
00494000-004a8000 r-xp 00000000 08:06 1054045    /usr/lib/libdirect-1.2.so.0.8.0
004a8000-004a9000 r--p 00013000 08:06 1054045    /usr/lib/libdirect-1.2.so.0.8.0
004a9000-004aa000 rw-p 00014000 08:06 1054045    /usr/lib/libdirect-1.2.so.0.8.0
004aa000-004c2000 r-xp 00000000 08:06 1054825    /usr/lib/libxcb.so.1.1.0
004c2000-004c3000 r--p 00017000 08:06 1054825    /usr/lib/libxcb.so.1.1.0
004c3000-004c4000 rw-p 00018000 08:06 1054825    /usr/lib/libxcb.so.1.1.0
004c4000-004dd000 r-xp 00000000 08:06 786602     /lib/libselinux.so.1
004dd000-004de000 r--p 00018000 08:06 786602     /lib/libselinux.so.1
004de000-004df000 rw-p 00019000 08:06 786602     /lib/libselinux.so.1
004df000-004e1000 r-xp 00000000 08:06 1055460    /usr/lib/libplds4.so
004e1000-004e2000 r--p 00001000 08:06 1055460    /usr/lib/libplds4.so
004e2000-004e3000 rw-p 00002000 08:06 1055460    /usr/lib/libplds4.so
004e3000-004eb000 r-xp 00000000 08:06 1053825    /usr/lib/libXcursor.so.1.0.2
004eb000-004ec000 r--p 00007000 08:06 1053825    /usr/lib/libXcursor.so.1.0.2
004ec000-004ed000 rw-p 00008000 08:06 1053825    /usr/lib/libXcursor.so.1.0.2
004ed000-00606000 r-xp 00000000 08:06 1053814    /usr/lib/libX11.so.6.3.0
00606000-00607000 r--p 00118000 08:06 1053814    /usr/lib/libX11.so.6.3.0
00607000-00609000 rw-p 00119000 08:06 1053814    /usr/lib/libX11.so.6.3.0
00609000-0060a000 rw-p 00000000 00:00 0 
0060a000-00623000 r-xp 00000000 08:06 1051003    /usr/lib/libatk-1.0.so.0.3009.1
00623000-00624000 ---p 00019000 08:06 1051003    /usr/lib/libatk-1.0.so.0.3009.1
00624000-00625000 r--p 00019000 08:06 1051003    /usr/lib/libatk-1.0.so.0.3009.1
00625000-00626000 rw-p 0001a000 08:06 1051003    /usr/lib/libatk-1.0.so.0.3009.1
00626000-00639000 r-xp 00000000 08:06 786536     /lib/tls/i686/cmov/libnsl-2.11.1.so
00639000-0063a000 r--p 00012000 08:06 786536     /lib/tls/i686/cmov/libnsl-2.11.1.so
0063a000-0063b000 rw-p 00013000 08:06 786536     /lib/tls/i686/cmov/libnsl-2.11.1.so
0063b000-0063d000 rw-p 00000000 00:00 0 
0063d000-0064b000 r-xp 00000000 08:06 1053961    /usr/lib/libcanberra.so.0.2.1
0064b000-0064c000 r--p 0000d000 08:06 1053961    /usr/lib/libcanberra.so.0.2.1
0064c000-0064d000 rw-p 0000e000 08:06 1053961    /usr/lib/libcanberra.so.0.2.1
0064e000-00650000 r-xp 00000000 08:06 786553     /lib/tls/i686/cmov/libdl-2.11.1.so
00650000-00651000 r--p 00001000 08:06 786553     /lib/tls/i686/cmov/libdl-2.11.1.so
00651000-00652000 rw-p 00002000 08:06 786553     /lib/tls/i686/cmov/libdl-2.11.1.so
00652000-006ec000 r-xp 00000000 08:06 1051010    /usr/lib/libgio-2.0.so.0.2400.1
006ec000-006ed000 ---p 0009a000 08:06 1051010    /usr/lib/libgio-2.0.so.0.2400.1
006ed000-006ee000 r--p 0009a000 08:06 1051010    /usr/lib/libgio-2.0.so.0.2400.1
006ee000-006ef000 rw-p 0009b000 08:06 1051010    /usr/lib/libgio-2.0.so.0.2400.1
006ef000-006f0000 rw-p 00000000 00:00 0 
006f0000-00747000 r-xp 00000000 08:06 1054589    /usr/lib/libpixman-1.so.0.16.4
00747000-00749000 r--p 00057000 08:06 1054589    /usr/lib/libpixman-1.so.0.16.4
00749000-0074a000 rw-p 00059000 08:06 1054589    /usr/lib/libpixman-1.so.0.16.4
0074a000-007bd000 r-xp 00000000 08:06 1054047    /usr/lib/libdirectfb-1.2.so.0.8.0
007bd000-007be000 ---p 00073000 08:06 1054047    /usr/lib/libdirectfb-1.2.so.0.8.0
007be000-007bf000 r--p 00073000 08:06 1054047    /usr/lib/libdirectfb-1.2.so.0.8.0
007bf000-007c0000 rw-p 00074000 08:06 1054047    /usr/lib/libdirectfb-1.2.so.0.8.0
007c0000-007c1000 rw-p 00000000 00:00 0 
007c1000-007c4000 r-xp 00000000 08:06 1052519    /usr/lib/gtk-2.0/2.10.0/loaders/libpixbufloader-bmp.so
007c4000-007c5000 r--p 00002000 08:06 1052519    /usr/lib/gtk-2.0/2.10.0/loaders/libpixbufloader-bmp.so
007c5000-007c6000 rw-p 00003000 08:06 1052519    /usr/lib/gtk-2.0/2.10.0/loaders/libpixbufloader-bmp.so
007c9000-007ec000 r-xp 00000000 08:06 809771     /lib/libpng12.so.0.42.0
007ec000-007ed000 r--p 00022000 08:06 809771     /lib/libpng12.so.0.42.0
007ed000-007ee000 rw-p 00023000 08:06 809771     /lib/libpng12.so.0.42.0
007ee000-00815000 r-xp 00000000 08:06 1056192    /usr/lib/libvorbis.so.0.4.4
00815000-00816000 r--p 00026000 08:06 1056192    /usr/lib/libvorbis.so.0.4.4
00816000-00817000 rw-p 00027000 08:06 1056192    /usr/lib/libvorbis.so.0.4.4
00817000-00824000 r-xp 00000000 08:06 1054733    /usr/lib/libtdb.so.1.2.0
00824000-00825000 r--p 0000c000 08:06 1054733    /usr/lib/libtdb.so.1.2.0
00825000-00826000 rw-p 0000d000 08:06 1054733    /usr/lib/libtdb.so.1.2.0
00826000-0082d000 r-xp 00000000 08:06 1054459    /usr/lib/libltdl.so.7.2.1
0082d000-0082e000 r--p 00006000 08:06 1054459    /usr/lib/libltdl.so.7.2.1
0082e000-0082f000 rw-p 00007000 08:06 1054459    /usr/lib/libltdl.so.7.2.1
0082f000-0083b000 r-xp 00000000 08:06 394481     /usr/lib/jvm/java-6-openjdk/jre/lib/i386/libverify.so
0083b000-0083c000 r--p 0000b000 08:06 394481     /usr/lib/jvm/java-6-openjdk/jre/lib/i386/libverify.so
0083c000-0083d000 rw-p 0000c000 08:06 394481     /usr/lib/jvm/java-6-openjdk/jre/lib/i386/libverify.so
0083d000-0083f000 r-xp 00000000 08:06 786558     /lib/libnss_mdns4_minimal.so.2
0083f000-00840000 r--p 00001000 08:06 786558     /lib/libnss_mdns4_minimal.so.2
00840000-00841000 rw-p 00002000 08:06 786558     /lib/libnss_mdns4_minimal.so.2
00841000-00847000 r-xp 00000000 08:06 803739     /lib/tls/i686/cmov/libnss_compat-2.11.1.so
00847000-00848000 r--p 00006000 08:06 803739     /lib/tls/i686/cmov/libnss_compat-2.11.1.so
00848000-00849000 rw-p 00007000 08:06 803739     /lib/tls/i686/cmov/libnss_compat-2.11.1.so
00849000-0086f000 r-xp 00000000 08:06 1058169    /usr/lib/gtk-2.0/2.10.0/engines/libmurrine.so
0086f000-00870000 r--p 00025000 08:06 1058169    /usr/lib/gtk-2.0/2.10.0/engines/libmurrine.so
00870000-00871000 rw-p 00026000 08:06 1058169    /usr/lib/gtk-2.0/2.10.0/engines/libmurrine.so
00871000-00878000 r-xp 00000000 08:06 394485     /usr/lib/jvm/java-6-openjdk/jre/lib/i386/native_threads/libhpi.so
00878000-00879000 r--p 00006000 08:06 394485     /usr/lib/jvm/java-6-openjdk/jre/lib/i386/native_threads/libhpi.so
00879000-0087a000 rw-p 00007000 08:06 394485     /usr/lib/jvm/java-6-openjdk/jre/lib/i386/native_threads/libhpi.so
0087d000-008ba000 r-xp 00000000 08:06 1051005    /usr/lib/libgobject-2.0.so.0.2400.1
008ba000-008bb000 r--p 0003c000 08:06 1051005    /usr/lib/libgobject-2.0.so.0.2400.1
008bb000-008bc000 rw-p 0003d000 08:06 1051005    /usr/lib/libgobject-2.0.so.0.2400.1
008bc000-008c3000 r-xp 00000000 08:06 394483     /usr/lib/jvm/java-6-openjdk/jre/lib/i386/libzip.so
008c3000-008c4000 r--p 00006000 08:06 394483     /usr/lib/jvm/java-6-openjdk/jre/lib/i386/libzip.so
008c4000-008c5000 rw-p 00007000 08:06 394483     /usr/lib/jvm/java-6-openjdk/jre/lib/i386/libzip.so
008c5000-008cc000 r-xp 00000000 08:06 394474     /usr/lib/jvm/java-6-openjdk/jre/lib/i386/libnio.so
008cc000-008cd000 r--p 00006000 08:06 394474     /usr/lib/jvm/java-6-openjdk/jre/lib/i386/libnio.so
008cd000-008ce000 rw-p 00007000 08:06 394474     /usr/lib/jvm/java-6-openjdk/jre/lib/i386/libnio.so
008ce000-008d2000 r-xp 00000000 08:06 1053859    /usr/lib/libXtst.so.6.1.0
008d2000-008d3000 r--p 00003000 08:06 1053859    /usr/lib/libXtst.so.6.1.0
008d3000-008d4000 rw-p 00004000 08:06 1053859    /usr/lib/libXtst.so.6.1.0
008d4000-008d8000 r-xp 00000000 08:06 1052613    /usr/lib/gtk-2.0/2.10.0/loaders/libpixbufloader-png.so
008d8000-008d9000 r--p 00003000 08:06 1052613    /usr/lib/gtk-2.0/2.10.0/loaders/libpixbufloader-png.so
008d9000-008da000 rw-p 00004000 08:06 1052613    /usr/lib/gtk-2.0/2.10.0/loaders/libpixbufloader-png.so
008da000-008e3000 r-xp 00000000 08:03 26165      /media/D4FC259DFC257B3E/programas/eclipse/configuration/org.eclipse.osgi/bundles/247/1/.cp/libswt-atk-gtk-3738.so
008e3000-008e4000 rw-p 00009000 08:03 26165      /media/D4FC259DFC257B3E/programas/eclipse/configuration/org.eclipse.osgi/bundles/247/1/.cp/libswt-atk-gtk-3738.so
008e4000-008e9000 r-xp 00000000 08:06 1052520    /usr/lib/gtk-2.0/2.10.0/loaders/libpixbufloader-gif.so
008e9000-008ea000 r--p 00004000 08:06 1052520    /usr/lib/gtk-2.0/2.10.0/loaders/libpixbufloader-gif.so
008ea000-008eb000 rw-p 00005000 08:06 1052520    /usr/lib/gtk-2.0/2.10.0/loaders/libpixbufloader-gif.so
008ef000-0091e000 r-xp 00000000 08:06 786578     /lib/libpcre.so.3.12.1
0091e000-0091f000 r--p 0002e000 08:06 786578     /lib/libpcre.so.3.12.1
0091f000-00920000 rw-p 0002f000 08:06 786578     /lib/libpcre.so.3.12.1
00920000-00925000 r-xp 00000000 08:06 1058179    /usr/lib/gtk-2.0/2.10.0/immodules/im-ibus.so
00925000-00926000 r--p 00004000 08:06 1058179    /usr/lib/gtk-2.0/2.10.0/immodules/im-ibus.so
00926000-00927000 rw-p 00005000 08:06 1058179    /usr/lib/gtk-2.0/2.10.0/immodules/im-ibus.so
00927000-00931000 r-xp 00000000 08:06 805466     /lib/libudev.so.0.6.1
00931000-00932000 r--p 00009000 08:06 805466     /lib/libudev.so.0.6.1
00932000-00933000 rw-p 0000a000 08:06 805466     /lib/libudev.so.0.6.1
00933000-00936000 r-xp 00000000 08:06 1055459    /usr/lib/libplc4.so
00936000-00937000 r--p 00002000 08:06 1055459    /usr/lib/libplc4.so
00937000-00938000 rw-p 00003000 08:06 1055459    /usr/lib/libplc4.so
0093a000-0093d000 r-xp 00000000 08:03 26154      /media/D4FC259DFC257B3E/programas/eclipse/configuration/org.eclipse.osgi/bundles/247/1/.cp/libswt-gtk-3738.so
0093d000-0093e000 rw-p 00002000 08:03 26154      /media/D4FC259DFC257B3E/programas/eclipse/configuration/org.eclipse.osgi/bundles/247/1/.cp/libswt-gtk-3738.so
0093e000-0093f000 rw-p 00000000 00:00 0 
0093f000-00953000 r-xp 00000000 08:06 1052130    /usr/lib/libgvfscommon.so.0.0.0
00953000-00954000 r--p 00013000 08:06 1052130    /usr/lib/libgvfscommon.so.0.0.0
00954000-00955000 rw-p 00014000 08:06 1052130    /usr/lib/libgvfscommon.so.0.0.0
00955000-00959000 r-xp 00000000 08:06 808972     /lib/tls/i686/cmov/libnss_dns-2.11.1.so
00959000-0095a000 r--p 00004000 08:06 808972     /lib/tls/i686/cmov/libnss_dns-2.11.1.so
0095a000-0095b000 rw-p 00005000 08:06 808972     /lib/tls/i686/cmov/libnss_dns-2.11.1.so
00964000-0096c000 r-xp 00000000 08:06 804927     /lib/tls/i686/cmov/libnss_nis-2.11.1.so
0096c000-0096d000 r--p 00007000 08:06 804927     /lib/tls/i686/cmov/libnss_nis-2.11.1.so
0096d000-0096e000 rw-p 00008000 08:06 804927     /lib/tls/i686/cmov/libnss_nis-2.11.1.so
0096e000-0097c000 r-xp 00000000 08:06 394110     /usr/lib/jvm/java-6-openjdk/jre/lib/i386/libj2pkcs11.so
0097c000-0097d000 r--p 0000d000 08:06 394110     /usr/lib/jvm/java-6-openjdk/jre/lib/i386/libj2pkcs11.so
0097d000-0097e000 rw-p 0000e000 08:06 394110     /usr/lib/jvm/java-6-openjdk/jre/lib/i386/libj2pkcs11.so
0098f000-0099f000 r-xp 00000000 08:06 786599     /lib/tls/i686/cmov/libresolv-2.11.1.so
0099f000-009a0000 r--p 00010000 08:06 786599     /lib/tls/i686/cmov/libresolv-2.11.1.so
009a0000-009a1000 rw-p 00011000 08:06 786599     /lib/tls/i686/cmov/libresolv-2.11.1.so
009a1000-009a3000 rw-p 00000000 00:00 0 
009a3000-009da000 r-xp 00000000 08:06 808834     /lib/libdbus-1.so.3.4.0
009da000-009db000 r--p 00036000 08:06 808834     /lib/libdbus-1.so.3.4.0
009db000-009dc000 rw-p 00037000 08:06 808834     /lib/libdbus-1.so.3.4.0
009dc000-009f7000 r-xp 00000000 08:06 808925     /lib/ld-2.11.1.so
009f7000-009f8000 r--p 0001a000 08:06 808925     /lib/ld-2.11.1.so
009f8000-009f9000 rw-p 0001b000 08:06 808925     /lib/ld-2.11.1.so
009fd000-00a01000 r-xp 00000000 08:06 1058215    /usr/lib/gtk-2.0/modules/libcanberra-gtk-module.so
00a01000-00a02000 ---p 00004000 08:06 1058215    /usr/lib/gtk-2.0/modules/libcanberra-gtk-module.so
00a02000-00a03000 r--p 00004000 08:06 1058215    /usr/lib/gtk-2.0/modules/libcanberra-gtk-module.so
00a03000-00a04000 rw-p 00005000 08:06 1058215    /usr/lib/gtk-2.0/modules/libcanberra-gtk-module.so
00a0d000-00a0f000 r-xp 00000000 08:06 1053823    /usr/lib/libXcomposite.so.1.0.0
00a0f000-00a10000 r--p 00001000 08:06 1053823    /usr/lib/libXcomposite.so.1.0.0
00a10000-00a11000 rw-p 00002000 08:06 1053823    /usr/lib/libXcomposite.so.1.0.0
00a11000-00a6c000 r-xp 00000000 08:03 26155      /media/D4FC259DFC257B3E/programas/eclipse/configuration/org.eclipse.osgi/bundles/247/1/.cp/libswt-pi-gtk-3738.so
00a6c000-00a6e000 rw-p 0005a000 08:03 26155      /media/D4FC259DFC257B3E/programas/eclipse/configuration/org.eclipse.osgi/bundles/247/1/.cp/libswt-pi-gtk-3738.so
00a6e000-00a6f000 rw-p 00000000 00:00 0 
00a79000-00a83000 r-xp 00000000 08:06 786595     /lib/tls/i686/cmov/libnss_files-2.11.1.so
00a83000-00a84000 r--p 00009000 08:06 786595     /lib/tls/i686/cmov/libnss_files-2.11.1.so
00a84000-00a85000 rw-p 0000a000 08:06 786595     /lib/tls/i686/cmov/libnss_files-2.11.1.so
00a85000-00a89000 rwxp 00000000 00:00 0 
00a96000-00aa0000 r-xp 00000000 08:03 26199      /media/D4FC259DFC257B3E/programas/eclipse/configuration/org.eclipse.osgi/bundles/247/1/.cp/libswt-cairo-gtk-3738.so
00aa0000-00aa1000 rw-p 00009000 08:03 26199      /media/D4FC259DFC257B3E/programas/eclipse/configuration/org.eclipse.osgi/bundles/247/1/.cp/libswt-cairo-gtk-3738.so
00aa7000-00acb000 r-xp 00000000 08:06 790782     /lib/tls/i686/cmov/libm-2.11.1.so
00acb000-00acc000 r--p 00023000 08:06 790782     /lib/tls/i686/cmov/libm-2.11.1.so
00acc000-00acd000 rw-p 00024000 08:06 790782     /lib/tls/i686/cmov/libm-2.11.1.so
00acd000-00ae2000 r-xp 00000000 08:06 1057174    /usr/lib/libnssutil3.so
00ae2000-00ae5000 r--p 00014000 08:06 1057174    /usr/lib/libnssutil3.so
00ae5000-00ae6000 rw-p 00017000 08:06 1057174    /usr/lib/libnssutil3.so
00aec000-00b7f000 r-xp 00000000 08:06 1052723    /usr/lib/libgdk-x11-2.0.so.0.2000.1
00b7f000-00b81000 r--p 00093000 08:06 1052723    /usr/lib/libgdk-x11-2.0.so.0.2000.1
00b81000-00b82000 rw-p 00095000 08:06 1052723    /usr/lib/libgdk-x11-2.0.so.0.2000.1
00b88000-00b8d000 r-xp 00000000 08:06 1054542    /usr/lib/libogg.so.0.6.0
00b8d000-00b8e000 r--p 00004000 08:06 1054542    /usr/lib/libogg.so.0.6.0
00b8e000-00b8f000 rw-p 00005000 08:06 1054542    /usr/lib/libogg.so.0.6.0
00baa000-00bb2000 r-xp 00000000 08:06 1054122    /usr/lib/libfusion-1.2.so.0.8.0
00bb2000-00bb3000 r--p 00007000 08:06 1054122    /usr/lib/libfusion-1.2.so.0.8.0
00bb3000-00bb4000 rw-p 00008000 08:06 1054122    /usr/lib/libfusion-1.2.so.0.8.0
00bb8000-00bbc000 r-xp 00000000 08:06 1053833    /usr/lib/libXfixes.so.3.1.0
00bbc000-00bbd000 r--p 00003000 08:06 1053833    /usr/lib/libXfixes.so.3.1.0
00bbd000-00bbe000 rw-p 00004000 08:06 1053833    /usr/lib/libXfixes.so.3.1.0
00bd0000-00be5000 r-xp 00000000 08:06 786563     /lib/tls/i686/cmov/libpthread-2.11.1.so
00be5000-00be6000 r--p 00014000 08:06 786563     /lib/tls/i686/cmov/libpthread-2.11.1.so
00be6000-00be7000 rw-p 00015000 08:06 786563     /lib/tls/i686/cmov/libpthread-2.11.1.so
00be7000-00be9000 rw-p 00000000 00:00 0 
00be9000-00c22000 r-xp 00000000 08:06 1054374    /usr/lib/libibus.so.1.0.0
00c22000-00c23000 r--p 00039000 08:06 1054374    /usr/lib/libibus.so.1.0.0
00c23000-00c24000 rw-p 0003a000 08:06 1054374    /usr/lib/libibus.so.1.0.0
00c24000-00c48000 r-xp 00000000 08:06 1058245    /usr/lib/gio/modules/libgvfsdbus.so
00c48000-00c49000 r--p 00023000 08:06 1058245    /usr/lib/gio/modules/libgvfsdbus.so
00c49000-00c4a000 rw-p 00024000 08:06 1058245    /usr/lib/gio/modules/libgvfsdbus.so
00c6f000-00c71000 r-xp 00000000 08:06 1053841    /usr/lib/libXinerama.so.1.0.0
00c71000-00c72000 r--p 00001000 08:06 1053841    /usr/lib/libXinerama.so.1.0.0
00c72000-00c73000 rw-p 00002000 08:06 1053841    /usr/lib/libXinerama.so.1.0.0
00c73000-00ca4000 r-xp 00000000 08:06 1055458    /usr/lib/libnspr4.so
00ca4000-00ca5000 r--p 00030000 08:06 1055458    /usr/lib/libnspr4.so
00ca5000-00ca6000 rw-p 00031000 08:06 1055458    /usr/lib/libnspr4.so
00ca6000-00ca8000 rw-p 00000000 00:00 0 
00ca8000-00cdf000 r-xp 00000000 08:06 1057166    /usr/lib/nss/libsoftokn3.so
00cdf000-00ce0000 r--p 00037000 08:06 1057166    /usr/lib/nss/libsoftokn3.so
00ce0000-00ce1000 rw-p 00038000 08:06 1057166    /usr/lib/nss/libsoftokn3.so
00d07000-00d13000 r-xp 00000000 08:06 1053839    /usr/lib/libXi.so.6.1.0
00d13000-00d14000 r--p 0000c000 08:06 1053839    /usr/lib/libXi.so.6.1.0
00d14000-00d15000 rw-p 0000d000 08:06 1053839    /usr/lib/libXi.so.6.1.0
00d2a000-00d38000 r-xp 00000000 08:06 1053831    /usr/lib/libXext.so.6.4.0
00d38000-00d39000 r--p 0000d000 08:06 1053831    /usr/lib/libXext.so.6.4.0
00d39000-00d3a000 rw-p 0000e000 08:06 1053831    /usr/lib/libXext.so.6.4.0
00d3d000-00d61000 r-xp 00000000 08:06 394112     /usr/lib/jvm/java-6-openjdk/jre/lib/i386/libjava.so
00d61000-00d62000 r--p 00023000 08:06 394112     /usr/lib/jvm/java-6-openjdk/jre/lib/i386/libjava.so
00d62000-00d64000 rw-p 00024000 08:06 394112     /usr/lib/jvm/java-6-openjdk/jre/lib/i386/libjava.so
00d78000-00d8c000 r-xp 00000000 08:06 394473     /usr/lib/jvm/java-6-openjdk/jre/lib/i386/libnet.so
00d8c000-00d8d000 r--p 00013000 08:06 394473     /usr/lib/jvm/java-6-openjdk/jre/lib/i386/libnet.so
00d8d000-00d8e000 rw-p 00014000 08:06 394473     /usr/lib/jvm/java-6-openjdk/jre/lib/i386/libnet.so
00d98000-00dbc000 r-xp 00000000 08:06 786513     /lib/libexpat.so.1.5.2
00dbc000-00dbe000 r--p 00024000 08:06 786513     /lib/libexpat.so.1.5.2
00dbe000-00dbf000 rw-p 00026000 08:06 786513     /lib/libexpat.so.1.5.2
00dcc000-00dcd000 r-xp 00000000 00:00 0          [vdso]
00dce000-00e3f000 r-xp 00000000 08:06 1052781    /usr/lib/libfreetype.so.6.3.22
00e3f000-00e43000 r--p 00070000 08:06 1052781    /usr/lib/libfreetype.so.6.3.22
00e43000-00e44000 rw-p 00074000 08:06 1052781    /usr/lib/libfreetype.so.6.3.22
00e64000-00e6a000 r-xp 00000000 08:06 1053851    /usr/lib/libXrandr.so.2.2.0
00e6a000-00e6b000 r--p 00005000 08:06 1053851    /usr/lib/libXrandr.so.2.2.0
00e6b000-00e6c000 rw-p 00006000 08:06 1053851    /usr/lib/libXrandr.so.2.2.0
00e6c000-00eb7000 r-xp 00000000 08:06 1053103    /usr/lib/nss/libfreebl3.so
00eb7000-00eb8000 r--p 0004a000 08:06 1053103    /usr/lib/nss/libfreebl3.so
00eb8000-00eb9000 rw-p 0004b000 08:06 1053103    /usr/lib/nss/libfreebl3.so
00eb9000-00ebd000 rw-p 00000000 00:00 0 
00ec1000-00ee6000 r-xp 00000000 08:06 1053484    /usr/lib/libpangoft2-1.0.so.0.2800.0
00ee6000-00ee7000 r--p 00024000 08:06 1053484    /usr/lib/libpangoft2-1.0.so.0.2800.0
00ee7000-00ee8000 rw-p 00025000 08:06 1053484    /usr/lib/libpangoft2-1.0.so.0.2800.0
00eec000-00eef000 r-xp 00000000 08:06 1054821    /usr/lib/libxcb-render-util.so.0.0.0
00eef000-00ef0000 r--p 00002000 08:06 1054821    /usr/lib/libxcb-render-util.so.0.0.0
00ef0000-00ef1000 rw-p 00003000 08:06 1054821    /usr/lib/libxcb-render-util.so.0.0.0
00efa000-00f04000 r-xp 00000000 08:06 1053483    /usr/lib/libpangocairo-1.0.so.0.2800.0
00f04000-00f05000 r--p 00009000 08:06 1053483    /usr/lib/libpangocairo-1.0.so.0.2800.0
00f05000-00f06000 rw-p 0000a000 08:06 1053483    /usr/lib/libpangocairo-1.0.so.0.2800.0
00f4a000-00f56000 r-xp 00000000 08:03 25621      /media/D4FC259DFC257B3E/programas/eclipse/plugins/org.eclipse.equinox.launcher.gtk.linux.x86_1.1.100.v20110505/eclipse_1407.so
00f56000-00f57000 rw-p 0000c000 08:03 25621      /media/D4FC259DFC257B3E/programas/eclipse/plugins/org.eclipse.equinox.launcher.gtk.linux.x86_1.1.100.v20110505/eclipse_1407.so
00f90000-00f92000 r-xp 00000000 08:03 27678      /media/D4FC259DFC257B3E/programas/eclipse/configuration/org.eclipse.osgi/bundles/53/1/.cp/os/linux/x86/libunixfile_1_0_0.so
00f92000-00f93000 rw-p 00001000 08:03 27678      /media/D4FC259DFC257B3E/programas/eclipse/configuration/org.eclipse.osgi/bundles/53/1/.cp/os/linux/x86/libunixfile_1_0_0.so
00fcb000-00fd1000 r-xp 00000000 08:06 1054823    /usr/lib/libxcb-render.so.0.0.0
00fd1000-00fd2000 r--p 00005000 08:06 1054823    /usr/lib/libxcb-render.so.0.0.0
00fd2000-00fd3000 rw-p 00006000 08:06 1054823    /usr/lib/libxcb-render.so.0.0.0
00fd3000-013a0000 r-xp 00000000 08:06 1052722    /usr/lib/libgtk-x11-2.0.so.0.2000.1
013a0000-013a4000 r--p 003cd000 08:06 1052722    /usr/lib/libgtk-x11-2.0.so.0.2000.1
013a4000-013a6000 rw-p 003d1000 08:06 1052722    /usr/lib/libgtk-x11-2.0.so.0.2000.1
013a6000-013a8000 rw-p 00000000 00:00 0 
013a8000-017fb000 r-xp 00000000 08:06 394096     /usr/lib/jvm/java-6-openjdk/jre/lib/i386/client/libjvm.so
017fb000-017fc000 ---p 00453000 08:06 394096     /usr/lib/jvm/java-6-openjdk/jre/lib/i386/client/libjvm.so
017fc000-01813000 r--p 00453000 08:06 394096     /usr/lib/jvm/java-6-openjdk/jre/lib/i386/client/libjvm.so
01813000-01820000 rw-p 0046a000 08:06 394096     /usr/lib/jvm/java-6-openjdk/jre/lib/i386/client/libjvm.so
01820000-01c3c000 rw-p 00000000 00:00 0 
0577e000-057fe000 r-xp 00000000 08:06 1054716    /usr/lib/libsqlite3.so.0.8.6
057fe000-057ff000 r--p 0007f000 08:06 1054716    /usr/lib/libsqlite3.so.0.8.6
057ff000-05800000 rw-p 00080000 08:06 1054716    /usr/lib/libsqlite3.so.0.8.6
05800000-05801000 rw-p 00000000 00:00 0 
08048000-0804c000 r-xp 00000000 08:03 26113      /media/D4FC259DFC257B3E/programas/eclipse/eclipse
0804c000-0804d000 rw-p 00003000 08:03 26113      /media/D4FC259DFC257B3E/programas/eclipse/eclipse
0874d000-0885c000 r-xp 00000000 08:06 1057175    /usr/lib/libnss3.so
0885c000-0885f000 r--p 0010e000 08:06 1057175    /usr/lib/libnss3.so
0885f000-08861000 rw-p 00111000 08:06 1057175    /usr/lib/libnss3.so
09ef6000-0a70f000 rw-p 00000000 00:00 0          [heap]
6b8e0000-6d6a0000 rw-p 00000000 00:00 0 
6d6a0000-738e0000 rw-p 00000000 00:00 0 
738e0000-77428000 rw-p 00000000 00:00 0 
77428000-838e0000 rw-p 00000000 00:00 0 
838e0000-87320000 rw-p 00000000 00:00 0 
87320000-938e0000 rw-p 00000000 00:00 0 
938e0000-9403a000 r--s 00001000 08:06 393802     /usr/lib/jvm/java-6-openjdk/jre/lib/i386/client/classes.jsa
9403a000-942e0000 rw-p 00000000 00:00 0 
942e0000-94a22000 rw-p 0075b000 08:06 393802     /usr/lib/jvm/java-6-openjdk/jre/lib/i386/client/classes.jsa
94a22000-94ee0000 rw-p 00000000 00:00 0 
94ee0000-94fdb000 rw-p 00e9d000 08:06 393802     /usr/lib/jvm/java-6-openjdk/jre/lib/i386/client/classes.jsa
94fdb000-952e0000 rw-p 00000000 00:00 0 
952e0000-952e8000 r-xs 00f98000 08:06 393802     /usr/lib/jvm/java-6-openjdk/jre/lib/i386/client/classes.jsa
952e8000-956e0000 rw-p 00000000 00:00 0 
b3100000-b31f9000 rw-p 00000000 00:00 0 
b31f9000-b3200000 ---p 00000000 00:00 0 
b321a000-b321d000 ---p 00000000 00:00 0 
b321d000-b326b000 rw-p 00000000 00:00 0 
b326b000-b3300000 r--s 00929000 08:03 26087      /media/D4FC259DFC257B3E/programas/eclipse/plugins/org.eclipse.jdt.ui_3.7.1.r371_v20110824-0800.jar
b3300000-b3400000 rw-p 00000000 00:00 0 
b3403000-b3406000 ---p 00000000 00:00 0 
b3406000-b3454000 rw-p 00000000 00:00 0 
b3454000-b3457000 ---p 00000000 00:00 0 
b3457000-b34a5000 rw-p 00000000 00:00 0 
b34a5000-b34a8000 ---p 00000000 00:00 0 
b34a8000-b34f6000 rw-p 00000000 00:00 0 
b34f6000-b34f9000 ---p 00000000 00:00 0 
b34f9000-b3547000 rw-p 00000000 00:00 0 
b3547000-b3600000 r--s 008fd000 08:03 29470      /media/D4FC259DFC257B3E/programas/eclipse/plugins/org.jruby_1.6.4.1314386973/lib/jruby.jar
b3600000-b36fd000 rw-p 00000000 00:00 0 
b36fd000-b3700000 ---p 00000000 00:00 0 
b371c000-b374e000 r--s 00244000 08:03 25106      /media/D4FC259DFC257B3E/programas/eclipse/plugins/org.eclipse.debug.ui_3.7.101.v20110817_r371.jar
b374e000-b3751000 ---p 00000000 00:00 0 
b3751000-b379f000 rw-p 00000000 00:00 0 
b37ba000-b37bd000 ---p 00000000 00:00 0 
b37bd000-b380b000 rw-p 00000000 00:00 0 
b380b000-b380e000 ---p 00000000 00:00 0 
b380e000-b385c000 rw-p 00000000 00:00 0 
b385c000-b385f000 ---p 00000000 00:00 0 
b385f000-b38ad000 rw-p 00000000 00:00 0 
b38ad000-b38b0000 ---p 00000000 00:00 0 
b38b0000-b38fe000 rw-p 00000000 00:00 0 
b38fe000-b3901000 ---p 00000000 00:00 0 
b3901000-b394f000 rw-p 00000000 00:00 0 
b394f000-b39af000 rw-s 00000000 00:04 22609957   /SYSV00000000 (deleted)
b39af000-b39b2000 ---p 00000000 00:00 0 
b39b2000-b3a00000 rw-p 00000000 00:00 0 
b3a00000-b3a29000 rw-p 00000000 00:00 0 
b3a29000-b3b00000 ---p 00000000 00:00 0 
b3b10000-b3b2d000 r--s 0017c000 08:03 25365      /media/D4FC259DFC257B3E/programas/eclipse/plugins/org.eclipse.team.cvs.ui_3.3.400.I20110510-0800.jar
b3b2d000-b3b45000 r--s 00127000 08:03 25486      /media/D4FC259DFC257B3E/programas/eclipse/plugins/org.apache.xerces_2.9.0.v201101211617.jar
b3b45000-b3b48000 ---p 00000000 00:00 0 
b3b48000-b3b96000 rw-p 00000000 00:00 0 
b3b96000-b3bc0000 r--s 0043b000 08:03 25630      /media/D4FC259DFC257B3E/programas/eclipse/plugins/org.eclipse.jdt.core_3.7.1.v_B76_R37x.jar
b3bc0000-b3bc3000 ---p 00000000 00:00 0 
b3bc3000-b3c11000 rw-p 00000000 00:00 0 
b3c11000-b3c14000 ---p 00000000 00:00 0 
b3c14000-b3c62000 rw-p 00000000 00:00 0 
b3c62000-b3c99000 r--p 00000000 08:06 41720      /usr/share/fonts/truetype/ttf-dejavu/DejaVuSansMono-BoldOblique.ttf
b3c99000-b3cd1000 r--p 00000000 08:06 41721      /usr/share/fonts/truetype/ttf-dejavu/DejaVuSansMono-Oblique.ttf
b3cd1000-b3d1b000 r--p 00000000 08:06 20571      /usr/share/fonts/truetype/ttf-dejavu/DejaVuSansMono-Bold.ttf
b3d1b000-b3d6a000 r--p 00000000 08:06 20572      /usr/share/fonts/truetype/ttf-dejavu/DejaVuSansMono.ttf
b3d72000-b3d75000 ---p 00000000 00:00 0 
b3d75000-b3dc3000 rw-p 00000000 00:00 0 
b3dc3000-b3dc6000 ---p 00000000 00:00 0 
b3dc6000-b3e14000 rw-p 00000000 00:00 0 
b3e2b000-b3eab000 r--p 00000000 08:06 41718      /usr/share/fonts/truetype/ttf-dejavu/DejaVuSans-BoldOblique.ttf
b3eab000-b3f2b000 r--p 00000000 08:06 41719      /usr/share/fonts/truetype/ttf-dejavu/DejaVuSans-Oblique.ttf
b3f2b000-b3fb7000 r--p 00000000 08:06 20569      /usr/share/fonts/truetype/ttf-dejavu/DejaVuSans-Bold.ttf
b3fc7000-b3fd1000 r--s 00088000 08:03 25522      /media/D4FC259DFC257B3E/programas/eclipse/plugins/org.eclipse.update.core_3.2.500.v20110330.jar
b3fef000-b4009000 r--s 00172000 08:03 29244      /media/D4FC259DFC257B3E/programas/eclipse/plugins/org.python.pydev_2.4.0.2012020116/pydev.jar
b4009000-b400c000 ---p 00000000 00:00 0 
b400c000-b405a000 rw-p 00000000 00:00 0 
b405a000-b405d000 ---p 00000000 00:00 0 
b405d000-b40ab000 rw-p 00000000 00:00 0 
b40ab000-b40c7000 r--s 00356000 08:03 28781      /media/D4FC259DFC257B3E/programas/eclipse/plugins/com.aptana.scripting_3.0.0.1327097358.jar
b40c8000-b40dc000 r--s 0021f000 08:03 25167      /media/D4FC259DFC257B3E/programas/eclipse/plugins/org.eclipse.swt.gtk.linux.x86_3.7.1.v3738a.jar
b40dc000-b40ef000 r--s 001f4000 08:03 28454      /media/D4FC259DFC257B3E/programas/eclipse/plugins/com.aptana.editor.php.epl_3.0.0.1327100530.jar
b40ef000-b410a000 r--s 00145000 08:03 25119      /media/D4FC259DFC257B3E/programas/eclipse/plugins/org.eclipse.team.ui_3.6.100.I20110525-0800.jar
b410a000-b410e000 r--s 0001b000 08:03 25027      /media/D4FC259DFC257B3E/programas/eclipse/plugins/org.eclipse.mylyn.team.ui_3.6.1.v20110825-0100.jar
b411c000-b4126000 r--s 00062000 08:03 25629      /media/D4FC259DFC257B3E/programas/eclipse/plugins/org.eclipse.wst.sse.core_1.1.601.v201108151912.jar
b4126000-b412f000 r--s 0005b000 08:03 25280      /media/D4FC259DFC257B3E/programas/eclipse/plugins/org.eclipse.mylyn.tasks.core_3.6.0.v20110608-1400.jar
b412f000-b413b000 r--s 00083000 08:03 25396      /media/D4FC259DFC257B3E/programas/eclipse/plugins/org.eclipse.ui.workbench.texteditor_3.7.0.v20110505-0800.jar
b413b000-b4144000 r--s 00058000 08:03 25360      /media/D4FC259DFC257B3E/programas/eclipse/plugins/org.eclipse.team.core_3.6.0.I20110525-0800.jar
b4144000-b4146000 r--s 00013000 08:06 394225     /usr/lib/jvm/java-6-openjdk/jre/lib/jce.jar
b4151000-b4155000 r--s 00038000 08:03 28423      /media/D4FC259DFC257B3E/programas/eclipse/plugins/com.aptana.core_3.0.4.1325689477.jar
b4155000-b4176000 r--s 00175000 08:03 25481      /media/D4FC259DFC257B3E/programas/eclipse/plugins/org.eclipse.mylyn.tasks.ui_3.6.2.v20110826-0100.jar
b4176000-b4179000 rw-s 00000000 00:04 22577188   /SYSV00000000 (deleted)
b4179000-b4184000 r--s 000bb000 08:03 25406      /media/D4FC259DFC257B3E/programas/eclipse/plugins/org.eclipse.core.resources_3.7.100.v20110510-0712.jar
b4184000-b418e000 r--s 00085000 08:03 24852      /media/D4FC259DFC257B3E/programas/eclipse/plugins/org.eclipse.team.cvs.core_3.3.400.I20110510-0800.jar
b418e000-b4191000 r--s 00038000 08:06 394184     /usr/lib/jvm/java-6-openjdk/jre/lib/ext/sunpkcs11.jar
b4193000-b4196000 r--s 0001d000 08:03 28489      /media/D4FC259DFC257B3E/programas/eclipse/plugins/com.aptana.formatter.epl_3.0.0.1326742432.jar
b4196000-b4198000 r--s 00059000 08:03 28488      /media/D4FC259DFC257B3E/programas/eclipse/plugins/com.aptana.filewatcher_3.0.1.1317316381.jar
b4198000-b419b000 r--s 00025000 08:03 28456      /media/D4FC259DFC257B3E/programas/eclipse/plugins/com.aptana.editor.ruby_3.0.3.1320702265.jar
b419b000-b41a5000 r--s 00069000 08:03 24858      /media/D4FC259DFC257B3E/programas/eclipse/plugins/org.eclipse.search_3.7.0.v20110505-0800.jar
b41a5000-b41a7000 r--s 00010000 08:03 27727      /media/D4FC259DFC257B3E/programas/eclipse/configuration/org.eclipse.osgi/bundles/348/1/.cp/libs/jfreechart-1.0.9-swt.jar
b41a7000-b41ae000 r--s 00038000 08:03 24965      /media/D4FC259DFC257B3E/programas/eclipse/plugins/org.eclipse.mylyn.context.ui_3.6.0.v20110608-1400.jar
b41ae000-b41bd000 r--s 0012d000 08:03 27726      /media/D4FC259DFC257B3E/programas/eclipse/configuration/org.eclipse.osgi/bundles/348/1/.cp/libs/jfreechart-1.0.9.jar
b41c0000-b41c6000 r--s 00046000 08:03 27725      /media/D4FC259DFC257B3E/programas/eclipse/configuration/org.eclipse.osgi/bundles/348/1/.cp/libs/jcommon-1.0.12.jar
b41c6000-b41c9000 r--s 00031000 08:06 394191     /usr/lib/jvm/java-6-openjdk/jre/lib/ext/sunjce_provider.jar
b41cb000-b41ce000 ---p 00000000 00:00 0 
b41ce000-b421c000 rw-p 00000000 00:00 0 
b421c000-b421f000 r--s 0001c000 08:03 28444      /media/D4FC259DFC257B3E/programas/eclipse/plugins/com.aptana.editor.findbar_3.0.0.1326349361.jar
b421f000-b4223000 r--s 00026000 08:03 28782      /media/D4FC259DFC257B3E/programas/eclipse/plugins/com.aptana.scripting.ui_3.0.0.1322862427.jar
b4223000-b4227000 r--s 0002a000 08:03 28911      /media/D4FC259DFC257B3E/programas/eclipse/plugins/com.aptana.ui.epl_3.0.0.1322514554.jar
b4227000-b422b000 r--s 00025000 08:03 28910      /media/D4FC259DFC257B3E/programas/eclipse/plugins/com.aptana.ui_3.0.3.1325786963.jar
b422b000-b422d000 r--s 00006000 08:03 28442      /media/D4FC259DFC257B3E/programas/eclipse/plugins/com.aptana.editor.epl_3.0.0.1325713640.jar
b422d000-b4239000 r--s 000a4000 08:03 28437      /media/D4FC259DFC257B3E/programas/eclipse/plugins/com.aptana.editor.common_3.0.3.1328568823.jar
b4239000-b423c000 ---p 00000000 00:00 0 
b423c000-b428a000 rw-p 00000000 00:00 0 
b428a000-b428d000 ---p 00000000 00:00 0 
b428d000-b42db000 rw-p 00000000 00:00 0 
b42f0000-b42f5000 r--s 00038000 08:03 25181      /media/D4FC259DFC257B3E/programas/eclipse/plugins/org.eclipse.text_3.5.101.r371_v20110810-0800.jar
b42f5000-b4300000 r--s 0006a000 08:03 27724      /media/D4FC259DFC257B3E/programas/eclipse/configuration/org.eclipse.osgi/bundles/348/1/.cp/libs/ddmuilib.jar
b4300000-b43fe000 rw-p 00000000 00:00 0 
b43fe000-b4400000 ---p 00000000 00:00 0 
b4400000-b4405000 r--s 00047000 08:03 28966      /media/D4FC259DFC257B3E/programas/eclipse/plugins/com.python.pydev.analysis_2.4.0.2012020116/analysis.jar
b4405000-b4406000 r--s 00001000 08:03 24853      /media/D4FC259DFC257B3E/programas/eclipse/plugins/org.eclipse.wb.jdt.fragment_1.1.0.r37x201109091012.jar
b4406000-b440a000 r--s 0002a000 08:03 27723      /media/D4FC259DFC257B3E/programas/eclipse/configuration/org.eclipse.osgi/bundles/348/1/.cp/libs/ddmlib.jar
b440a000-b440d000 r--s 00023000 08:03 25399      /media/D4FC259DFC257B3E/programas/eclipse/plugins/org.eclipse.jdt.compiler.apt_1.0.400.v0110816-0800.jar
b440d000-b4410000 ---p 00000000 00:00 0 
b4410000-b445e000 rw-p 00000000 00:00 0 
b445e000-b4461000 ---p 00000000 00:00 0 
b4461000-b44af000 rw-p 00000000 00:00 0 
b44af000-b44b2000 ---p 00000000 00:00 0 
b44b2000-b4500000 rw-p 00000000 00:00 0 
b4500000-b4600000 rw-p 00000000 00:00 0 
b4603000-b4607000 r--s 0022a000 08:03 27651      /media/D4FC259DFC257B3E/programas/eclipse/plugins/com.android.ide.eclipse.ddms_16.0.1.v201112150204-238534.jar
b4607000-b4609000 r--s 00006000 08:03 27709      /media/D4FC259DFC257B3E/programas/eclipse/configuration/org.eclipse.osgi/bundles/347/1/.cp/libs/common.jar
b460c000-b4615000 r--s 0004c000 08:03 27702      /media/D4FC259DFC257B3E/programas/eclipse/configuration/org.eclipse.osgi/bundles/347/1/.cp/libs/sdkuilib.jar
b4615000-b4641000 r--s 00426000 08:03 27649      /media/D4FC259DFC257B3E/programas/eclipse/plugins/com.android.ide.eclipse.adt_16.0.1.v201112150204-238534.jar
b4642000-b4645000 r--s 0001a000 08:03 28425      /media/D4FC259DFC257B3E/programas/eclipse/plugins/com.aptana.core.io_3.0.3.1321920947.jar
b4646000-b4648000 r--s 00012000 08:03 27708      /media/D4FC259DFC257B3E/programas/eclipse/configuration/org.eclipse.osgi/bundles/347/1/.cp/libs/ide_common.jar
b4648000-b464b000 ---p 00000000 00:00 0 
b464b000-b4699000 rw-p 00000000 00:00 0 
b4699000-b469b000 r--s 00006000 08:03 27707      /media/D4FC259DFC257B3E/programas/eclipse/configuration/org.eclipse.osgi/bundles/347/1/.cp/libs/layoutlib_api.jar
b469b000-b469e000 r--s 0006f000 08:03 29042      /media/D4FC259DFC257B3E/programas/eclipse/plugins/org.python.pydev.core_2.4.0.2012020116/lib/jpathwatch-0-94.jar
b469e000-b46a1000 r--s 0000d000 08:03 25415      /media/D4FC259DFC257B3E/programas/eclipse/plugins/org.eclipse.wb.discovery.ui_1.1.0.r37x201109091028.jar
b46a3000-b46a4000 r--s 00002000 08:03 27704      /media/D4FC259DFC257B3E/programas/eclipse/configuration/org.eclipse.osgi/bundles/347/1/.cp/libs/sdkstats.jar
b46a4000-b46a9000 r--s 0003f000 08:03 27701      /media/D4FC259DFC257B3E/programas/eclipse/configuration/org.eclipse.osgi/bundles/347/1/.cp/libs/sdklib.jar
b46aa000-b46ac000 r--s 0000a000 08:03 25142      /media/D4FC259DFC257B3E/programas/eclipse/plugins/org.eclipse.epp.usagedata.recording_1.3.1.R201106061540.jar
b46ac000-b46b0000 r--s 0002b000 08:03 28788      /media/D4FC259DFC257B3E/programas/eclipse/plugins/com.aptana.theme_3.0.0.1320258654.jar
b46b0000-b46b8000 r--s 0006e000 08:03 28786      /media/D4FC259DFC257B3E/programas/eclipse/plugins/com.aptana.syncing.ui_3.0.3.1320185576.jar
b46b8000-b46ba000 r--s 0000a000 08:03 28424      /media/D4FC259DFC257B3E/programas/eclipse/plugins/com.aptana.core.epl_3.0.0.1326829673.jar
b46ba000-b46be000 r--s 00024000 08:03 25277      /media/D4FC259DFC257B3E/programas/eclipse/plugins/org.eclipse.ui.console_3.5.100.v20110511.jar
b46be000-b46c1000 ---p 00000000 00:00 0 
b46c1000-b470f000 rw-p 00000000 00:00 0 
b470f000-b4712000 r--s 00014000 08:03 25252      /media/D4FC259DFC257B3E/programas/eclipse/plugins/org.eclipse.core.jobs_3.5.100.v20110404.jar
b4712000-b4718000 r--s 00039000 08:03 25026      /media/D4FC259DFC257B3E/programas/eclipse/plugins/org.eclipse.epp.mpc.ui_1.1.1.I20110907-0947.jar
b4718000-b471a000 r--s 00011000 08:03 28785      /media/D4FC259DFC257B3E/programas/eclipse/plugins/com.aptana.syncing.core_3.0.0.1321920947.jar
b471a000-b4720000 r--s 00044000 08:03 28492      /media/D4FC259DFC257B3E/programas/eclipse/plugins/com.aptana.git.ui_3.0.3.1328222732.jar
b4720000-b4748000 r--s 00214000 08:03 25493      /media/D4FC259DFC257B3E/programas/eclipse/plugins/org.eclipse.ui.ide_3.7.0.v20110809-1737.jar
b4748000-b47e0000 r--p 00000000 08:06 20570      /usr/share/fonts/truetype/ttf-dejavu/DejaVuSans.ttf
b47e0000-b47e1000 r--s 00000000 08:06 809185     /var/cache/fontconfig/c05880de57d1f5e948fdfacc138775d9-le32d4.cache-3
b47e1000-b47e7000 r--s 00000000 08:06 791233     /var/cache/fontconfig/945677eb7aeaf62f1d50efc3fb3ec7d8-le32d4.cache-3
b47e7000-b47ea000 r--s 00000000 08:06 809183     /var/cache/fontconfig/99e8ed0e538f840c565b6ed5dad60d56-le32d4.cache-3
b47ea000-b47ed000 r--s 00000000 08:06 809094     /var/cache/fontconfig/e383d7ea5fbe662a33d9b44caf393297-le32d4.cache-3
b47ed000-b47ee000 r--s 00000000 08:06 809092     /var/cache/fontconfig/e7071f4a29fa870f4323321c154eba04-le32d4.cache-3
b47ee000-b47f1000 r--s 00000000 08:06 809073     /var/cache/fontconfig/6eb3985aa4124903f6ff08ba781cd364-le32d4.cache-3
b47f1000-b47f2000 r--s 00000000 08:06 809181     /var/cache/fontconfig/4c73fe0c47614734b17d736dbde7580a-le32d4.cache-3
b47f2000-b47f3000 r--s 00000000 08:06 809180     /var/cache/fontconfig/0d8c3b2ac0904cb8a57a757ad11a4a08-le32d4.cache-3
b47f3000-b47f4000 r--s 00000000 08:06 809179     /var/cache/fontconfig/6a53c69dea097a2d716e069445527da8-le32d4.cache-3
b47f4000-b47f8000 r--s 00000000 08:06 809178     /var/cache/fontconfig/a755afe4a08bf5b97852ceb7400b47bc-le32d4.cache-3
b47f8000-b47ff000 r--s 00000000 08:06 809177     /var/cache/fontconfig/6d41288fd70b0be22e8c3a91e032eec0-le32d4.cache-3
b47ff000-b480a000 r--s 00000000 08:06 809176     /var/cache/fontconfig/0f34bcd4b6ee430af32735b75db7f02b-le32d4.cache-3
b480a000-b480d000 r--s 00000000 08:06 809175     /var/cache/fontconfig/d60319d88cac85ba9e1a07bd06cfbb8c-le32d4.cache-3
b480d000-b480e000 r--s 00000000 08:06 809174     /var/cache/fontconfig/4794a0821666d79190d59a36cb4f44b5-le32d4.cache-3
b480e000-b4830000 r--s 00000000 08:06 809173     /var/cache/fontconfig/365b55f210c0a22e9a19e35191240f32-le32d4.cache-3
b4830000-b4838000 r--s 00000000 08:06 809172     /var/cache/fontconfig/d52a8644073d54c13679302ca1180695-le32d4.cache-3
b4838000-b4841000 r--s 00000000 08:06 809091     /var/cache/fontconfig/089dead882dea3570ffc31a9898cfb69-le32d4.cache-3
b4841000-b4844000 r--s 00000000 08:06 799249     /var/cache/fontconfig/cabbd14511b9e8a55e92af97fb3a0461-le32d4.cache-3
b4844000-b4846000 r--s 00000000 08:06 790481     /var/cache/fontconfig/e13b20fdb08344e0e664864cc2ede53d-le32d4.cache-3
b4846000-b4849000 r--s 00000000 08:06 799728     /var/cache/fontconfig/7ef2298fde41cc6eeb7af42e48b7d293-le32d4.cache-3
b4849000-b484d000 r--s 00033000 08:03 25381      /media/D4FC259DFC257B3E/programas/eclipse/plugins/org.eclipse.egit.core_1.1.0.201109151100-r.jar
b484d000-b484e000 r--s 00002000 08:03 27703      /media/D4FC259DFC257B3E/programas/eclipse/configuration/org.eclipse.osgi/bundles/347/1/.cp/libs/ninepatch.jar
b484f000-b4852000 r--s 0001e000 08:03 27646      /media/D4FC259DFC257B3E/programas/eclipse/plugins/beaver_3.0.0.1309394487.jar
b4852000-b488e000 r--s 00626000 08:03 25521      /media/D4FC259DFC257B3E/programas/eclipse/plugins/com.ibm.icu_4.4.2.v20110208.jar
b488e000-b4890000 r--s 00001000 08:03 25612      /media/D4FC259DFC257B3E/programas/eclipse/plugins/org.eclipse.update.core.linux_3.2.200.v20100512.jar
b4890000-b4894000 r--s 00013000 08:03 25032      /media/D4FC259DFC257B3E/programas/eclipse/plugins/org.eclipse.ui.views_3.6.0.I20110412-0800.jar
b4894000-b489a000 r--s 00044000 08:03 26094      /media/D4FC259DFC257B3E/programas/eclipse/plugins/org.eclipse.ui.forms_3.5.100.v20110425.jar
b489a000-b489e000 r--s 00023000 08:03 28464      /media/D4FC259DFC257B3E/programas/eclipse/plugins/com.aptana.explorer_3.0.0.1316716614.jar
b489e000-b48a3000 r--s 00021000 08:03 25487      /media/D4FC259DFC257B3E/programas/eclipse/plugins/org.eclipse.ui_3.7.0.I20110602-0100.jar
b48a5000-b48a7000 r--s 0000b000 08:03 29050      /media/D4FC259DFC257B3E/programas/eclipse/plugins/org.python.pydev.core_2.4.0.2012020116/commons-codec.jar
b48a7000-b48ad000 r--s 00043000 08:03 29045      /media/D4FC259DFC257B3E/programas/eclipse/plugins/org.python.pydev.core_2.4.0.2012020116/core.jar
b48ad000-b48b7000 r--s 0007b000 08:03 29330      /media/D4FC259DFC257B3E/programas/eclipse/plugins/org.python.pydev.debug_2.4.0.2012020116/pydev-debug.jar
b48b7000-b48b9000 r--s 00001000 08:03 24904      /media/D4FC259DFC257B3E/programas/eclipse/plugins/org.eclipse.ui.workbench.compatibility_3.2.100.I20110413-1600/compatibility.jar
b48b9000-b4900000 r--s 003b2000 08:03 24915      /media/D4FC259DFC257B3E/programas/eclipse/plugins/org.eclipse.ui.workbench_3.7.0.I20110519-0100.jar
b4900000-b49fa000 rw-p 00000000 00:00 0 
b49fa000-b4a00000 ---p 00000000 00:00 0 
b4a00000-b4a01000 r--s 00000000 08:03 27700      /media/D4FC259DFC257B3E/programas/eclipse/configuration/org.eclipse.osgi/bundles/347/1/.cp/libs/androidprefs.jar
b4a01000-b4a02000 r--s 0000d000 08:03 25030      /media/D4FC259DFC257B3E/programas/eclipse/plugins/org.eclipse.jdt.compiler.tool_1.0.100.v_B76_R37x.jar
b4a02000-b4a03000 r--s 0000a000 08:03 27706      /media/D4FC259DFC257B3E/programas/eclipse/configuration/org.eclipse.osgi/bundles/347/1/.cp/libs/kxml2-2.3.0.jar
b4a04000-b4a08000 r--s 00020000 08:03 28761      /media/D4FC259DFC257B3E/programas/eclipse/plugins/com.aptana.ruby.core_3.0.2.1319731509.jar
b4a08000-b4a0a000 r--s 00017000 08:03 25258      /media/D4FC259DFC257B3E/programas/eclipse/plugins/org.eclipse.update.configurator_3.3.100.v20100512.jar
b4a0a000-b4a0e000 r--s 00020000 08:03 27705      /media/D4FC259DFC257B3E/programas/eclipse/configuration/org.eclipse.osgi/bundles/347/1/.cp/libs/commons-compress-1.0.jar
b4a0e000-b4a10000 r--s 00004000 08:03 25120      /media/D4FC259DFC257B3E/programas/eclipse/plugins/org.eclipse.mylyn.team.cvs_3.6.0.v20110608-1400.jar
b4a10000-b4a12000 r--s 00008000 08:03 25111      /media/D4FC259DFC257B3E/programas/eclipse/plugins/org.eclipse.epp.usagedata.gathering_1.3.1.R201106061540.jar
b4a12000-b4a14000 r--s 0000a000 08:03 25437      /media/D4FC259DFC257B3E/programas/eclipse/plugins/org.eclipse.ui.net_1.2.100.I20110511-0800.jar
b4a14000-b4a17000 ---p 00000000 00:00 0 
b4a17000-b4a65000 rw-p 00000000 00:00 0 
b4a65000-b4a66000 r--s 00004000 08:03 25187      /media/D4FC259DFC257B3E/programas/eclipse/plugins/org.eclipse.swt_3.7.1.v3738a.jar
b4a66000-b4a68000 r--s 00001000 08:03 28776      /media/D4FC259DFC257B3E/programas/eclipse/plugins/com.aptana.ruby.launching_3.0.2.1327600259.jar
b4a68000-b4a6a000 r--s 00002000 08:03 25261      /media/D4FC259DFC257B3E/programas/eclipse/plugins/org.eclipse.m2e.usagedata_1.0.100.20110804-1717.jar
b4a6c000-b4a6d000 r--s 00002000 08:03 25495      /media/D4FC259DFC257B3E/programas/eclipse/plugins/org.eclipse.core.runtime.compatibility.registry_3.5.0.v20110505/runtime_registry_compatibility.jar
b4a6d000-b4a71000 r--s 00029000 08:03 25359      /media/D4FC259DFC257B3E/programas/eclipse/plugins/org.eclipse.equinox.registry_3.5.101.R37x_v20110810-1611.jar
b4a71000-b4a72000 r--s 00008000 08:03 28422      /media/D4FC259DFC257B3E/programas/eclipse/plugins/com.aptana.console_3.0.0.1321573158.jar
b4a72000-b4a73000 r--s 00003000 08:03 28419      /media/D4FC259DFC257B3E/programas/eclipse/plugins/com.aptana.buildpath.core_3.0.0.1323995066.jar
b4a73000-b4a76000 ---p 00000000 00:00 0 
b4a76000-b4ac4000 rw-p 00000000 00:00 0 
b4ac4000-b4ac7000 ---p 00000000 00:00 0 
b4ac7000-b4b15000 rw-p 00000000 00:00 0 
b4b15000-b4b16000 r--s 0000a000 08:03 25182      /media/D4FC259DFC257B3E/programas/eclipse/plugins/org.eclipse.wb.discovery.core_1.1.0.r37x201109091028.jar
b4b16000-b4b19000 r--s 00018000 08:03 28775      /media/D4FC259DFC257B3E/programas/eclipse/plugins/com.aptana.ruby.debug.ui_3.0.2.1322066031.jar
b4b19000-b4b1a000 r--s 00006000 08:03 29079      /media/D4FC259DFC257B3E/programas/eclipse/plugins/org.python.pydev_2.4.0.2012020116/libs/WinRegistry-4.4.jar
b4b1a000-b4b1c000 r--s 00010000 08:03 28759      /media/D4FC259DFC257B3E/programas/eclipse/plugins/com.aptana.preview_3.0.0.1324505261.jar
b4b1c000-b4b1e000 r--s 00011000 08:03 28611      /media/D4FC259DFC257B3E/programas/eclipse/plugins/com.aptana.index.core_3.0.0.1326829673.jar
b4b1e000-b4b20000 r--s 00018000 08:03 25525      /media/D4FC259DFC257B3E/programas/eclipse/plugins/org.eclipse.equinox.common_3.6.0.v20110523.jar
b4b20000-b4b23000 ---p 00000000 00:00 0 
b4b23000-b4b71000 rw-p 00000000 00:00 0 
b4b71000-b4b73000 r--s 0000b000 08:03 25468      /media/D4FC259DFC257B3E/programas/eclipse/plugins/org.eclipse.mylyn.monitor.ui_3.6.0.v20110608-1400.jar
b4b73000-b4b76000 ---p 00000000 00:00 0 
b4b76000-b4bc4000 rw-p 00000000 00:00 0 
b4bc4000-b4bc7000 ---p 00000000 00:00 0 
b4bc7000-b4c15000 rw-p 00000000 00:00 0 
b4c15000-b4c18000 ---p 00000000 00:00 0 
b4c18000-b4c66000 rw-p 00000000 00:00 0 
b4c66000-b4c79000 r--s 0013a000 08:03 24864      /media/D4FC259DFC257B3E/programas/eclipse/plugins/org.eclipse.osgi_3.7.1.R37x_v20110808-1106.jar
b4c79000-b4c7f000 r--s 000fc000 08:06 394242     /usr/lib/jvm/java-6-openjdk/jre/lib/resources.jar
b4c7f000-b4c80000 ---p 00000000 00:00 0 
b4c80000-b4d00000 rw-p 00000000 00:00 0 
b4d00000-b4dfa000 rw-p 00000000 00:00 0 
b4dfa000-b4e00000 ---p 00000000 00:00 0 
b4e00000-b4e01000 r--s 00007000 08:03 25435      /media/D4FC259DFC257B3E/programas/eclipse/plugins/org.eclipse.update.scheduler_3.2.300.v20100512.jar
b4e01000-b4e04000 r--s 0007d000 08:06 394228     /usr/lib/jvm/java-6-openjdk/jre/lib/jsse.jar
b4e04000-b4e0d000 r--s 00065000 08:06 39576      /usr/share/java/gnome-java-bridge.jar
b4e0d000-b4e10000 r--s 0000f000 08:06 394197     /usr/lib/jvm/java-6-openjdk/jre/lib/ext/pulse-java.jar
b4e10000-b4e13000 ---p 00000000 00:00 0 
b4e13000-b4e61000 rw-p 00000000 00:00 0 
b4e61000-b4e64000 ---p 00000000 00:00 0 
b4e64000-b4ee2000 rw-p 00000000 00:00 0 
b4ee2000-b4ee5000 ---p 00000000 00:00 0 
b4ee5000-b4f33000 rw-p 00000000 00:00 0 
b4f33000-b4f36000 ---p 00000000 00:00 0 
b4f36000-b4f84000 rw-p 00000000 00:00 0 
b4f84000-b4f87000 ---p 00000000 00:00 0 
b4f87000-b4fd5000 rw-p 00000000 00:00 0 
b4fd5000-b4fd6000 ---p 00000000 00:00 0 
b4fd6000-b5056000 rw-p 00000000 00:00 0 
b5056000-b5058000 r--s 0001d000 08:06 394240     /usr/lib/jvm/java-6-openjdk/jre/lib/plugin.jar
b5058000-b505d000 r--s 00045000 08:06 394238     /usr/lib/jvm/java-6-openjdk/jre/lib/netx.jar
b505d000-b5090000 rw-p 00000000 00:00 0 
b5090000-b5220000 r--s 038c5000 08:06 394095     /usr/lib/jvm/java-6-openjdk/jre/lib/rt.jar
b5220000-b524b000 rw-p 00000000 00:00 0 
b524b000-b52ae000 rw-p 00000000 00:00 0 
b52ae000-b52cc000 rw-p 00000000 00:00 0 
b52cc000-b532f000 rw-p 00000000 00:00 0 
b532f000-b533e000 rw-p 00000000 00:00 0 
b533e000-b536f000 rw-p 00000000 00:00 0 
b536f000-b538d000 rw-p 00000000 00:00 0 
b538d000-b53ef000 rw-p 00000000 00:00 0 
b53ef000-b540d000 rw-p 00000000 00:00 0 
b540d000-b546f000 rw-p 00000000 00:00 0 
b546f000-b548d000 rw-p 00000000 00:00 0 
b548d000-b54fb000 rw-p 00000000 00:00 0 
b54fb000-b5963000 rwxp 00000000 00:00 0 
b5963000-b74fb000 rw-p 00000000 00:00 0 
b74fb000-b7503000 rw-s 00000000 08:06 573064     /tmp/hsperfdata_superla/25135
b7503000-b7504000 rw-p 00000000 00:00 0 
b7504000-b7505000 r--p 00000000 00:00 0 
b7505000-b7565000 rw-s 00000000 00:04 22544417   /SYSV00000000 (deleted)
b7565000-b75c8000 rw-p 00000000 00:00 0 
b75c8000-b75d4000 r--p 00000000 08:06 155925     /usr/share/locale-langpack/es/LC_MESSAGES/glib20.mo
b75d4000-b75d5000 r--s 0000b000 08:03 28917      /media/D4FC259DFC257B3E/programas/eclipse/plugins/com.aptana.usage_3.0.0.1329151902.jar
b75d5000-b75f8000 r--p 00000000 08:06 179305     /usr/share/locale-langpack/es/LC_MESSAGES/libc.mo
b75f8000-b7622000 r--p 00000000 08:06 154854     /usr/share/locale-langpack/es/LC_MESSAGES/gtk20-properties.mo
b7622000-b7636000 r--p 00000000 08:06 155930     /usr/share/locale-langpack/es/LC_MESSAGES/gtk20.mo
b7636000-b7675000 r--p 00000000 08:06 1059171    /usr/lib/locale/es_ES.utf8/LC_CTYPE
b7675000-b7793000 r--p 00000000 08:06 1059170    /usr/lib/locale/es_ES.utf8/LC_COLLATE
b7793000-b7795000 rw-p 00000000 00:00 0 
b7795000-b7796000 r--s 0000b000 08:03 25126      /media/D4FC259DFC257B3E/programas/eclipse/plugins/org.eclipse.equinox.launcher_1.2.0.v20110502.jar
b7796000-b7797000 r--p 00000000 08:06 1058682    /usr/lib/locale/es_ES.utf8/LC_NUMERIC
b7797000-b7798000 r--p 00000000 08:06 1053028    /usr/lib/locale/es_ES.utf8/LC_TIME
b7798000-b7799000 r--p 00000000 08:06 1053029    /usr/lib/locale/es_ES.utf8/LC_MONETARY
b7799000-b779a000 r--p 00000000 08:06 1059180    /usr/lib/locale/es_ES.utf8/LC_MESSAGES/SYS_LC_MESSAGES
b779a000-b779b000 r--p 00000000 08:06 1059177    /usr/lib/locale/es_ES.utf8/LC_PAPER
b779b000-b779c000 r--p 00000000 08:06 1059175    /usr/lib/locale/es_ES.utf8/LC_NAME
b779c000-b779d000 r--p 00000000 08:06 1053030    /usr/lib/locale/es_ES.utf8/LC_ADDRESS
b779d000-b779e000 r--p 00000000 08:06 1053031    /usr/lib/locale/es_ES.utf8/LC_TELEPHONE
b779e000-b779f000 r--p 00000000 08:06 1059173    /usr/lib/locale/es_ES.utf8/LC_MEASUREMENT
b779f000-b77a6000 r--s 00000000 08:06 1091450    /usr/lib/gconv/gconv-modules.cache
b77a6000-b77a7000 r--p 00000000 08:06 1053032    /usr/lib/locale/es_ES.utf8/LC_IDENTIFICATION
b77a7000-b77a9000 rw-p 00000000 00:00 0 
bf8fb000-bf8fe000 ---p 00000000 00:00 0 
bf8ff000-bf94b000 rw-p 00000000 00:00 0          [stack]

VM Arguments:
jvm_args: -Dosgi.requiredJavaVersion=1.5 -XX:MaxPermSize=256m -Xms40m -Xmx384m 
java_command: <unknown>
Launcher Type: generic

Environment Variables:
PATH=/home/superla/.rvm/gems/ruby-1.9.2-p318@railstutorial/bin:/home/superla/.rvm/gems/ruby-1.9.2-p318@global/bin:/home/superla/.rvm/rubies/ruby-1.9.2-p318/bin:/home/superla/.rvm/bin:/usr/local/sbin:/usr/local/bin:/usr/sbin:/usr/bin:/sbin:/bin:/usr/games:/home/superla/Escritorio/android-sdk-linux/tools:/home/superla/Escritorio/android-sdk-linux/platform-tools:/home/superla/Escritorio/android-sdk-linux/platform-tools/adb:/home/superla/.rvm/bin:/media/D4FC259DFC257B3E/programas/eclipse/
USERNAME=superla
LD_LIBRARY_PATH=/usr/lib/jvm/java-6-openjdk/jre/lib/i386/client:/usr/lib/jvm/java-6-openjdk/jre/lib/i386:
SHELL=/bin/bash
DISPLAY=:0.0

Signal Handlers:
SIGSEGV: [libjvm.so+0x3ea370], sa_mask[0]=0x7ffbfeff, sa_flags=0x10000004
SIGBUS: [libjvm.so+0x3ea370], sa_mask[0]=0x7ffbfeff, sa_flags=0x10000004
SIGFPE: [libjvm.so+0x30d390], sa_mask[0]=0x7ffbfeff, sa_flags=0x10000004
SIGPIPE: SIG_IGN, sa_mask[0]=0x00000000, sa_flags=0x00000000
SIGXFSZ: [libjvm.so+0x30d390], sa_mask[0]=0x7ffbfeff, sa_flags=0x10000004
SIGILL: [libjvm.so+0x30d390], sa_mask[0]=0x7ffbfeff, sa_flags=0x10000004
SIGUSR1: SIG_DFL, sa_mask[0]=0x00000000, sa_flags=0x00000000
SIGUSR2: [libjvm.so+0x30ca40], sa_mask[0]=0x00000000, sa_flags=0x10000004
SIGHUP: [libjvm.so+0x30f5b0], sa_mask[0]=0x7ffbfeff, sa_flags=0x10000004
SIGINT: [libjvm.so+0x30f5b0], sa_mask[0]=0x7ffbfeff, sa_flags=0x10000004
SIGTERM: [libjvm.so+0x30f5b0], sa_mask[0]=0x7ffbfeff, sa_flags=0x10000004
SIGQUIT: [libjvm.so+0x30f5b0], sa_mask[0]=0x7ffbfeff, sa_flags=0x10000004


---------------  S Y S T E M  ---------------

OS:Ubuntu 10.04 (lucid)
uname:Linux 2.6.32-41-generic #89-Ubuntu SMP Fri Apr 27 22:22:09 UTC 2012 i686
libc:glibc 2.11.1 NPTL 2.11.1 
rlimit: STACK 8192k, CORE 0k, NPROC infinity, NOFILE 1024, AS infinity
load average:3,67 3,65 2,37

/proc/meminfo:
MemTotal:        3094136 kB
MemFree:          110428 kB
Buffers:           33136 kB
Cached:            71956 kB
SwapCached:        99324 kB
Active:          2079628 kB
Inactive:         814036 kB
Active(anon):    2032984 kB
Inactive(anon):   762840 kB
Active(file):      46644 kB
Inactive(file):    51196 kB
Unevictable:          32 kB
Mlocked:              32 kB
HighTotal:       2233724 kB
HighFree:          15860 kB
LowTotal:         860412 kB
LowFree:           94568 kB
SwapTotal:        975864 kB
SwapFree:              0 kB
Dirty:               200 kB
Writeback:             0 kB
AnonPages:       2689556 kB
Mapped:            53104 kB
Shmem:              7116 kB
Slab:              28928 kB
SReclaimable:      12344 kB
SUnreclaim:        16584 kB
KernelStack:        2952 kB
PageTables:        12116 kB
NFS_Unstable:          0 kB
Bounce:                0 kB
WritebackTmp:          0 kB
CommitLimit:     2522932 kB
Committed_AS:    5054592 kB
VmallocTotal:     122880 kB
VmallocUsed:       58856 kB
VmallocChunk:      53244 kB
HardwareCorrupted:     0 kB
HugePages_Total:       0
HugePages_Free:        0
HugePages_Rsvd:        0
HugePages_Surp:        0
Hugepagesize:       4096 kB
DirectMap4k:      184312 kB
DirectMap4M:      724992 kB


CPU:total 2 (2 cores per cpu, 1 threads per core) family 6 model 23 stepping 6, cmov, cx8, fxsr, mmx, sse, sse2, sse3, ssse3, sse4.1

Memory: 4k page, physical 3094136k(110428k free), swap 975864k(0k free)

vm_info: OpenJDK Client VM (19.0-b09) for linux-x86 JRE (1.6.0_20-b20), built on Feb 17 2012 07:30:23 by "buildd" with gcc 4.4.3

time: Mon Jun 18 02:25:15 2012
elapsed time: 73 seconds

